Start testing: Mar 27 10:13 UTC
----------------------------------------------------------
1/87 Testing: LmutilParser.HealthyOutputServerUp
1/87 Test: LmutilParser.HealthyOutputServerUp
Command: "/home/claude/flexlm-broker/build/tests/unit/unit_tests" "--gtest_filter=LmutilParser.HealthyOutputServerUp" "--gtest_also_run_disabled_tests"
Directory: /home/claude/flexlm-broker/build/tests/unit
"LmutilParser.HealthyOutputServerUp" start time: Mar 27 10:13 UTC
Output:
----------------------------------------------------------
Running main() from ./googletest/src/gtest_main.cc
Note: Google Test filter = LmutilParser.HealthyOutputServerUp
[==========] Running 1 test from 1 test suite.
[----------] Global test environment set-up.
[----------] 1 test from LmutilParser
[ RUN      ] LmutilParser.HealthyOutputServerUp
[       OK ] LmutilParser.HealthyOutputServerUp (2 ms)
[----------] 1 test from LmutilParser (2 ms total)

[----------] Global test environment tear-down
[==========] 1 test from 1 test suite ran. (2 ms total)
[  PASSED  ] 1 test.
<end of output>
Test time =   0.05 sec
----------------------------------------------------------
Test Passed.
"LmutilParser.HealthyOutputServerUp" end time: Mar 27 10:13 UTC
"LmutilParser.HealthyOutputServerUp" time elapsed: 00:00:00
----------------------------------------------------------

2/87 Testing: LmutilParser.ServerDownOutput
2/87 Test: LmutilParser.ServerDownOutput
Command: "/home/claude/flexlm-broker/build/tests/unit/unit_tests" "--gtest_filter=LmutilParser.ServerDownOutput" "--gtest_also_run_disabled_tests"
Directory: /home/claude/flexlm-broker/build/tests/unit
"LmutilParser.ServerDownOutput" start time: Mar 27 10:13 UTC
Output:
----------------------------------------------------------
Running main() from ./googletest/src/gtest_main.cc
Note: Google Test filter = LmutilParser.ServerDownOutput
[==========] Running 1 test from 1 test suite.
[----------] Global test environment set-up.
[----------] 1 test from LmutilParser
[ RUN      ] LmutilParser.ServerDownOutput
[       OK ] LmutilParser.ServerDownOutput (0 ms)
[----------] 1 test from LmutilParser (0 ms total)

[----------] Global test environment tear-down
[==========] 1 test from 1 test suite ran. (0 ms total)
[  PASSED  ] 1 test.
<end of output>
Test time =   0.02 sec
----------------------------------------------------------
Test Passed.
"LmutilParser.ServerDownOutput" end time: Mar 27 10:13 UTC
"LmutilParser.ServerDownOutput" time elapsed: 00:00:00
----------------------------------------------------------

3/87 Testing: LmutilParser.FlexErrorOutput
3/87 Test: LmutilParser.FlexErrorOutput
Command: "/home/claude/flexlm-broker/build/tests/unit/unit_tests" "--gtest_filter=LmutilParser.FlexErrorOutput" "--gtest_also_run_disabled_tests"
Directory: /home/claude/flexlm-broker/build/tests/unit
"LmutilParser.FlexErrorOutput" start time: Mar 27 10:13 UTC
Output:
----------------------------------------------------------
Running main() from ./googletest/src/gtest_main.cc
Note: Google Test filter = LmutilParser.FlexErrorOutput
[==========] Running 1 test from 1 test suite.
[----------] Global test environment set-up.
[----------] 1 test from LmutilParser
[ RUN      ] LmutilParser.FlexErrorOutput
[       OK ] LmutilParser.FlexErrorOutput (0 ms)
[----------] 1 test from LmutilParser (0 ms total)

[----------] Global test environment tear-down
[==========] 1 test from 1 test suite ran. (0 ms total)
[  PASSED  ] 1 test.
<end of output>
Test time =   0.02 sec
----------------------------------------------------------
Test Passed.
"LmutilParser.FlexErrorOutput" end time: Mar 27 10:13 UTC
"LmutilParser.FlexErrorOutput" time elapsed: 00:00:00
----------------------------------------------------------

4/87 Testing: LmutilParser.EmptyOutputNotServerUp
4/87 Test: LmutilParser.EmptyOutputNotServerUp
Command: "/home/claude/flexlm-broker/build/tests/unit/unit_tests" "--gtest_filter=LmutilParser.EmptyOutputNotServerUp" "--gtest_also_run_disabled_tests"
Directory: /home/claude/flexlm-broker/build/tests/unit
"LmutilParser.EmptyOutputNotServerUp" start time: Mar 27 10:13 UTC
Output:
----------------------------------------------------------
Running main() from ./googletest/src/gtest_main.cc
Note: Google Test filter = LmutilParser.EmptyOutputNotServerUp
[==========] Running 1 test from 1 test suite.
[----------] Global test environment set-up.
[----------] 1 test from LmutilParser
[ RUN      ] LmutilParser.EmptyOutputNotServerUp
[       OK ] LmutilParser.EmptyOutputNotServerUp (0 ms)
[----------] 1 test from LmutilParser (0 ms total)

[----------] Global test environment tear-down
[==========] 1 test from 1 test suite ran. (0 ms total)
[  PASSED  ] 1 test.
<end of output>
Test time =   0.06 sec
----------------------------------------------------------
Test Passed.
"LmutilParser.EmptyOutputNotServerUp" end time: Mar 27 10:13 UTC
"LmutilParser.EmptyOutputNotServerUp" time elapsed: 00:00:00
----------------------------------------------------------

5/87 Testing: LmutilParser.ParsesCorrectFeatureCount
5/87 Test: LmutilParser.ParsesCorrectFeatureCount
Command: "/home/claude/flexlm-broker/build/tests/unit/unit_tests" "--gtest_filter=LmutilParser.ParsesCorrectFeatureCount" "--gtest_also_run_disabled_tests"
Directory: /home/claude/flexlm-broker/build/tests/unit
"LmutilParser.ParsesCorrectFeatureCount" start time: Mar 27 10:13 UTC
Output:
----------------------------------------------------------
Running main() from ./googletest/src/gtest_main.cc
Note: Google Test filter = LmutilParser.ParsesCorrectFeatureCount
[==========] Running 1 test from 1 test suite.
[----------] Global test environment set-up.
[----------] 1 test from LmutilParser
[ RUN      ] LmutilParser.ParsesCorrectFeatureCount
[       OK ] LmutilParser.ParsesCorrectFeatureCount (2 ms)
[----------] 1 test from LmutilParser (2 ms total)

[----------] Global test environment tear-down
[==========] 1 test from 1 test suite ran. (2 ms total)
[  PASSED  ] 1 test.
<end of output>
Test time =   0.02 sec
----------------------------------------------------------
Test Passed.
"LmutilParser.ParsesCorrectFeatureCount" end time: Mar 27 10:13 UTC
"LmutilParser.ParsesCorrectFeatureCount" time elapsed: 00:00:00
----------------------------------------------------------

6/87 Testing: LmutilParser.MatlabCounts
6/87 Test: LmutilParser.MatlabCounts
Command: "/home/claude/flexlm-broker/build/tests/unit/unit_tests" "--gtest_filter=LmutilParser.MatlabCounts" "--gtest_also_run_disabled_tests"
Directory: /home/claude/flexlm-broker/build/tests/unit
"LmutilParser.MatlabCounts" start time: Mar 27 10:13 UTC
Output:
----------------------------------------------------------
Running main() from ./googletest/src/gtest_main.cc
Note: Google Test filter = LmutilParser.MatlabCounts
[==========] Running 1 test from 1 test suite.
[----------] Global test environment set-up.
[----------] 1 test from LmutilParser
[ RUN      ] LmutilParser.MatlabCounts
[       OK ] LmutilParser.MatlabCounts (2 ms)
[----------] 1 test from LmutilParser (46 ms total)

[----------] Global test environment tear-down
[==========] 1 test from 1 test suite ran. (46 ms total)
[  PASSED  ] 1 test.
<end of output>
Test time =   0.06 sec
----------------------------------------------------------
Test Passed.
"LmutilParser.MatlabCounts" end time: Mar 27 10:13 UTC
"LmutilParser.MatlabCounts" time elapsed: 00:00:00
----------------------------------------------------------

7/87 Testing: LmutilParser.ZeroInUse
7/87 Test: LmutilParser.ZeroInUse
Command: "/home/claude/flexlm-broker/build/tests/unit/unit_tests" "--gtest_filter=LmutilParser.ZeroInUse" "--gtest_also_run_disabled_tests"
Directory: /home/claude/flexlm-broker/build/tests/unit
"LmutilParser.ZeroInUse" start time: Mar 27 10:13 UTC
Output:
----------------------------------------------------------
Running main() from ./googletest/src/gtest_main.cc
Note: Google Test filter = LmutilParser.ZeroInUse
[==========] Running 1 test from 1 test suite.
[----------] Global test environment set-up.
[----------] 1 test from LmutilParser
[ RUN      ] LmutilParser.ZeroInUse
[       OK ] LmutilParser.ZeroInUse (3 ms)
[----------] 1 test from LmutilParser (3 ms total)

[----------] Global test environment tear-down
[==========] 1 test from 1 test suite ran. (3 ms total)
[  PASSED  ] 1 test.
<end of output>
Test time =   0.02 sec
----------------------------------------------------------
Test Passed.
"LmutilParser.ZeroInUse" end time: Mar 27 10:13 UTC
"LmutilParser.ZeroInUse" time elapsed: 00:00:00
----------------------------------------------------------

8/87 Testing: LmutilParser.FullyUsedWithQueue
8/87 Test: LmutilParser.FullyUsedWithQueue
Command: "/home/claude/flexlm-broker/build/tests/unit/unit_tests" "--gtest_filter=LmutilParser.FullyUsedWithQueue" "--gtest_also_run_disabled_tests"
Directory: /home/claude/flexlm-broker/build/tests/unit
"LmutilParser.FullyUsedWithQueue" start time: Mar 27 10:13 UTC
Output:
----------------------------------------------------------
Running main() from ./googletest/src/gtest_main.cc
Note: Google Test filter = LmutilParser.FullyUsedWithQueue
[==========] Running 1 test from 1 test suite.
[----------] Global test environment set-up.
[----------] 1 test from LmutilParser
[ RUN      ] LmutilParser.FullyUsedWithQueue
[       OK ] LmutilParser.FullyUsedWithQueue (2 ms)
[----------] 1 test from LmutilParser (2 ms total)

[----------] Global test environment tear-down
[==========] 1 test from 1 test suite ran. (2 ms total)
[  PASSED  ] 1 test.
<end of output>
Test time =   0.02 sec
----------------------------------------------------------
Test Passed.
"LmutilParser.FullyUsedWithQueue" end time: Mar 27 10:13 UTC
"LmutilParser.FullyUsedWithQueue" time elapsed: 00:00:00
----------------------------------------------------------

9/87 Testing: LmutilParser.UncountedFeature
9/87 Test: LmutilParser.UncountedFeature
Command: "/home/claude/flexlm-broker/build/tests/unit/unit_tests" "--gtest_filter=LmutilParser.UncountedFeature" "--gtest_also_run_disabled_tests"
Directory: /home/claude/flexlm-broker/build/tests/unit
"LmutilParser.UncountedFeature" start time: Mar 27 10:13 UTC
Output:
----------------------------------------------------------
Running main() from ./googletest/src/gtest_main.cc
Note: Google Test filter = LmutilParser.UncountedFeature
[==========] Running 1 test from 1 test suite.
[----------] Global test environment set-up.
[----------] 1 test from LmutilParser
[ RUN      ] LmutilParser.UncountedFeature
[       OK ] LmutilParser.UncountedFeature (2 ms)
[----------] 1 test from LmutilParser (2 ms total)

[----------] Global test environment tear-down
[==========] 1 test from 1 test suite ran. (2 ms total)
[  PASSED  ] 1 test.
<end of output>
Test time =   0.07 sec
----------------------------------------------------------
Test Passed.
"LmutilParser.UncountedFeature" end time: Mar 27 10:13 UTC
"LmutilParser.UncountedFeature" time elapsed: 00:00:00
----------------------------------------------------------

10/87 Testing: LmutilParser.VendorAssignedFromDaemonSection
10/87 Test: LmutilParser.VendorAssignedFromDaemonSection
Command: "/home/claude/flexlm-broker/build/tests/unit/unit_tests" "--gtest_filter=LmutilParser.VendorAssignedFromDaemonSection" "--gtest_also_run_disabled_tests"
Directory: /home/claude/flexlm-broker/build/tests/unit
"LmutilParser.VendorAssignedFromDaemonSection" start time: Mar 27 10:13 UTC
Output:
----------------------------------------------------------
Running main() from ./googletest/src/gtest_main.cc
Note: Google Test filter = LmutilParser.VendorAssignedFromDaemonSection
[==========] Running 1 test from 1 test suite.
[----------] Global test environment set-up.
[----------] 1 test from LmutilParser
[ RUN      ] LmutilParser.VendorAssignedFromDaemonSection
[       OK ] LmutilParser.VendorAssignedFromDaemonSection (2 ms)
[----------] 1 test from LmutilParser (2 ms total)

[----------] Global test environment tear-down
[==========] 1 test from 1 test suite ran. (3 ms total)
[  PASSED  ] 1 test.
<end of output>
Test time =   0.02 sec
----------------------------------------------------------
Test Passed.
"LmutilParser.VendorAssignedFromDaemonSection" end time: Mar 27 10:13 UTC
"LmutilParser.VendorAssignedFromDaemonSection" time elapsed: 00:00:00
----------------------------------------------------------

11/87 Testing: LmutilParser.MultiVendorCorrectAssignment
11/87 Test: LmutilParser.MultiVendorCorrectAssignment
Command: "/home/claude/flexlm-broker/build/tests/unit/unit_tests" "--gtest_filter=LmutilParser.MultiVendorCorrectAssignment" "--gtest_also_run_disabled_tests"
Directory: /home/claude/flexlm-broker/build/tests/unit
"LmutilParser.MultiVendorCorrectAssignment" start time: Mar 27 10:13 UTC
Output:
----------------------------------------------------------
Running main() from ./googletest/src/gtest_main.cc
Note: Google Test filter = LmutilParser.MultiVendorCorrectAssignment
[==========] Running 1 test from 1 test suite.
[----------] Global test environment set-up.
[----------] 1 test from LmutilParser
[ RUN      ] LmutilParser.MultiVendorCorrectAssignment
[       OK ] LmutilParser.MultiVendorCorrectAssignment (2 ms)
[----------] 1 test from LmutilParser (2 ms total)

[----------] Global test environment tear-down
[==========] 1 test from 1 test suite ran. (2 ms total)
[  PASSED  ] 1 test.
<end of output>
Test time =   0.07 sec
----------------------------------------------------------
Test Passed.
"LmutilParser.MultiVendorCorrectAssignment" end time: Mar 27 10:13 UTC
"LmutilParser.MultiVendorCorrectAssignment" time elapsed: 00:00:00
----------------------------------------------------------

12/87 Testing: LmutilParser.SplitLineAcrossTwoLines
12/87 Test: LmutilParser.SplitLineAcrossTwoLines
Command: "/home/claude/flexlm-broker/build/tests/unit/unit_tests" "--gtest_filter=LmutilParser.SplitLineAcrossTwoLines" "--gtest_also_run_disabled_tests"
Directory: /home/claude/flexlm-broker/build/tests/unit
"LmutilParser.SplitLineAcrossTwoLines" start time: Mar 27 10:13 UTC
Output:
----------------------------------------------------------
Running main() from ./googletest/src/gtest_main.cc
Note: Google Test filter = LmutilParser.SplitLineAcrossTwoLines
[==========] Running 1 test from 1 test suite.
[----------] Global test environment set-up.
[----------] 1 test from LmutilParser
[ RUN      ] LmutilParser.SplitLineAcrossTwoLines
[       OK ] LmutilParser.SplitLineAcrossTwoLines (2 ms)
[----------] 1 test from LmutilParser (2 ms total)

[----------] Global test environment tear-down
[==========] 1 test from 1 test suite ran. (2 ms total)
[  PASSED  ] 1 test.
<end of output>
Test time =   0.02 sec
----------------------------------------------------------
Test Passed.
"LmutilParser.SplitLineAcrossTwoLines" end time: Mar 27 10:13 UTC
"LmutilParser.SplitLineAcrossTwoLines" time elapsed: 00:00:00
----------------------------------------------------------

13/87 Testing: LmutilParser.IsServerDownHelperMatchesKnownStrings
13/87 Test: LmutilParser.IsServerDownHelperMatchesKnownStrings
Command: "/home/claude/flexlm-broker/build/tests/unit/unit_tests" "--gtest_filter=LmutilParser.IsServerDownHelperMatchesKnownStrings" "--gtest_also_run_disabled_tests"
Directory: /home/claude/flexlm-broker/build/tests/unit
"LmutilParser.IsServerDownHelperMatchesKnownStrings" start time: Mar 27 10:13 UTC
Output:
----------------------------------------------------------
Running main() from ./googletest/src/gtest_main.cc
Note: Google Test filter = LmutilParser.IsServerDownHelperMatchesKnownStrings
[==========] Running 1 test from 1 test suite.
[----------] Global test environment set-up.
[----------] 1 test from LmutilParser
[ RUN      ] LmutilParser.IsServerDownHelperMatchesKnownStrings
[       OK ] LmutilParser.IsServerDownHelperMatchesKnownStrings (0 ms)
[----------] 1 test from LmutilParser (0 ms total)

[----------] Global test environment tear-down
[==========] 1 test from 1 test suite ran. (0 ms total)
[  PASSED  ] 1 test.
<end of output>
Test time =   0.02 sec
----------------------------------------------------------
Test Passed.
"LmutilParser.IsServerDownHelperMatchesKnownStrings" end time: Mar 27 10:13 UTC
"LmutilParser.IsServerDownHelperMatchesKnownStrings" time elapsed: 00:00:00
----------------------------------------------------------

14/87 Testing: VirtualLicense.RenderContainsServerLine
14/87 Test: VirtualLicense.RenderContainsServerLine
Command: "/home/claude/flexlm-broker/build/tests/unit/unit_tests" "--gtest_filter=VirtualLicense.RenderContainsServerLine" "--gtest_also_run_disabled_tests"
Directory: /home/claude/flexlm-broker/build/tests/unit
"VirtualLicense.RenderContainsServerLine" start time: Mar 27 10:13 UTC
Output:
----------------------------------------------------------
Running main() from ./googletest/src/gtest_main.cc
Note: Google Test filter = VirtualLicense.RenderContainsServerLine
[==========] Running 1 test from 1 test suite.
[----------] Global test environment set-up.
[----------] 1 test from VirtualLicense
[ RUN      ] VirtualLicense.RenderContainsServerLine
[       OK ] VirtualLicense.RenderContainsServerLine (0 ms)
[----------] 1 test from VirtualLicense (0 ms total)

[----------] Global test environment tear-down
[==========] 1 test from 1 test suite ran. (0 ms total)
[  PASSED  ] 1 test.
<end of output>
Test time =   0.07 sec
----------------------------------------------------------
Test Passed.
"VirtualLicense.RenderContainsServerLine" end time: Mar 27 10:13 UTC
"VirtualLicense.RenderContainsServerLine" time elapsed: 00:00:00
----------------------------------------------------------

15/87 Testing: VirtualLicense.RenderContainsFeatureLines
15/87 Test: VirtualLicense.RenderContainsFeatureLines
Command: "/home/claude/flexlm-broker/build/tests/unit/unit_tests" "--gtest_filter=VirtualLicense.RenderContainsFeatureLines" "--gtest_also_run_disabled_tests"
Directory: /home/claude/flexlm-broker/build/tests/unit
"VirtualLicense.RenderContainsFeatureLines" start time: Mar 27 10:13 UTC
Output:
----------------------------------------------------------
Running main() from ./googletest/src/gtest_main.cc
Note: Google Test filter = VirtualLicense.RenderContainsFeatureLines
[==========] Running 1 test from 1 test suite.
[----------] Global test environment set-up.
[----------] 1 test from VirtualLicense
[ RUN      ] VirtualLicense.RenderContainsFeatureLines
[       OK ] VirtualLicense.RenderContainsFeatureLines (0 ms)
[----------] 1 test from VirtualLicense (0 ms total)

[----------] Global test environment tear-down
[==========] 1 test from 1 test suite ran. (0 ms total)
[  PASSED  ] 1 test.
<end of output>
Test time =   0.02 sec
----------------------------------------------------------
Test Passed.
"VirtualLicense.RenderContainsFeatureLines" end time: Mar 27 10:13 UTC
"VirtualLicense.RenderContainsFeatureLines" time elapsed: 00:00:00
----------------------------------------------------------

16/87 Testing: VirtualLicense.NoFeaturesRendersServerLineOnly
16/87 Test: VirtualLicense.NoFeaturesRendersServerLineOnly
Command: "/home/claude/flexlm-broker/build/tests/unit/unit_tests" "--gtest_filter=VirtualLicense.NoFeaturesRendersServerLineOnly" "--gtest_also_run_disabled_tests"
Directory: /home/claude/flexlm-broker/build/tests/unit
"VirtualLicense.NoFeaturesRendersServerLineOnly" start time: Mar 27 10:13 UTC
Output:
----------------------------------------------------------
Running main() from ./googletest/src/gtest_main.cc
Note: Google Test filter = VirtualLicense.NoFeaturesRendersServerLineOnly
[==========] Running 1 test from 1 test suite.
[----------] Global test environment set-up.
[----------] 1 test from VirtualLicense
[ RUN      ] VirtualLicense.NoFeaturesRendersServerLineOnly
[       OK ] VirtualLicense.NoFeaturesRendersServerLineOnly (0 ms)
[----------] 1 test from VirtualLicense (0 ms total)

[----------] Global test environment tear-down
[==========] 1 test from 1 test suite ran. (0 ms total)
[  PASSED  ] 1 test.
<end of output>
Test time =   0.02 sec
----------------------------------------------------------
Test Passed.
"VirtualLicense.NoFeaturesRendersServerLineOnly" end time: Mar 27 10:13 UTC
"VirtualLicense.NoFeaturesRendersServerLineOnly" time elapsed: 00:00:00
----------------------------------------------------------

17/87 Testing: ConfigParser.LoadsServerEntries
17/87 Test: ConfigParser.LoadsServerEntries
Command: "/home/claude/flexlm-broker/build/tests/unit/unit_tests" "--gtest_filter=ConfigParser.LoadsServerEntries" "--gtest_also_run_disabled_tests"
Directory: /home/claude/flexlm-broker/build/tests/unit
"ConfigParser.LoadsServerEntries" start time: Mar 27 10:13 UTC
Output:
----------------------------------------------------------
Running main() from ./googletest/src/gtest_main.cc
Note: Google Test filter = ConfigParser.LoadsServerEntries
[==========] Running 1 test from 1 test suite.
[----------] Global test environment set-up.
[----------] 1 test from ConfigParser
[ RUN      ] ConfigParser.LoadsServerEntries
[       OK ] ConfigParser.LoadsServerEntries (0 ms)
[----------] 1 test from ConfigParser (0 ms total)

[----------] Global test environment tear-down
[==========] 1 test from 1 test suite ran. (0 ms total)
[  PASSED  ] 1 test.
<end of output>
Test time =   0.02 sec
----------------------------------------------------------
Test Passed.
"ConfigParser.LoadsServerEntries" end time: Mar 27 10:13 UTC
"ConfigParser.LoadsServerEntries" time elapsed: 00:00:00
----------------------------------------------------------

18/87 Testing: ConfigParser.LoadsBrokerAndApiSection
18/87 Test: ConfigParser.LoadsBrokerAndApiSection
Command: "/home/claude/flexlm-broker/build/tests/unit/unit_tests" "--gtest_filter=ConfigParser.LoadsBrokerAndApiSection" "--gtest_also_run_disabled_tests"
Directory: /home/claude/flexlm-broker/build/tests/unit
"ConfigParser.LoadsBrokerAndApiSection" start time: Mar 27 10:13 UTC
Output:
----------------------------------------------------------
Running main() from ./googletest/src/gtest_main.cc
Note: Google Test filter = ConfigParser.LoadsBrokerAndApiSection
[==========] Running 1 test from 1 test suite.
[----------] Global test environment set-up.
[----------] 1 test from ConfigParser
[ RUN      ] ConfigParser.LoadsBrokerAndApiSection
[       OK ] ConfigParser.LoadsBrokerAndApiSection (0 ms)
[----------] 1 test from ConfigParser (0 ms total)

[----------] Global test environment tear-down
[==========] 1 test from 1 test suite ran. (0 ms total)
[  PASSED  ] 1 test.
<end of output>
Test time =   0.02 sec
----------------------------------------------------------
Test Passed.
"ConfigParser.LoadsBrokerAndApiSection" end time: Mar 27 10:13 UTC
"ConfigParser.LoadsBrokerAndApiSection" time elapsed: 00:00:00
----------------------------------------------------------

19/87 Testing: ConfigParser.MissingFileReturnsDefaults
19/87 Test: ConfigParser.MissingFileReturnsDefaults
Command: "/home/claude/flexlm-broker/build/tests/unit/unit_tests" "--gtest_filter=ConfigParser.MissingFileReturnsDefaults" "--gtest_also_run_disabled_tests"
Directory: /home/claude/flexlm-broker/build/tests/unit
"ConfigParser.MissingFileReturnsDefaults" start time: Mar 27 10:13 UTC
Output:
----------------------------------------------------------
Running main() from ./googletest/src/gtest_main.cc
Note: Google Test filter = ConfigParser.MissingFileReturnsDefaults
[==========] Running 1 test from 1 test suite.
[----------] Global test environment set-up.
[----------] 1 test from ConfigParser
[ RUN      ] ConfigParser.MissingFileReturnsDefaults
[       OK ] ConfigParser.MissingFileReturnsDefaults (0 ms)
[----------] 1 test from ConfigParser (0 ms total)

[----------] Global test environment tear-down
[==========] 1 test from 1 test suite ran. (0 ms total)
[  PASSED  ] 1 test.
<end of output>
Test time =   0.07 sec
----------------------------------------------------------
Test Passed.
"ConfigParser.MissingFileReturnsDefaults" end time: Mar 27 10:13 UTC
"ConfigParser.MissingFileReturnsDefaults" time elapsed: 00:00:00
----------------------------------------------------------

20/87 Testing: ConfigDiff.NoDiffWhenIdentical
20/87 Test: ConfigDiff.NoDiffWhenIdentical
Command: "/home/claude/flexlm-broker/build/tests/unit/unit_tests" "--gtest_filter=ConfigDiff.NoDiffWhenIdentical" "--gtest_also_run_disabled_tests"
Directory: /home/claude/flexlm-broker/build/tests/unit
"ConfigDiff.NoDiffWhenIdentical" start time: Mar 27 10:13 UTC
Output:
----------------------------------------------------------
Running main() from ./googletest/src/gtest_main.cc
Note: Google Test filter = ConfigDiff.NoDiffWhenIdentical
[==========] Running 1 test from 1 test suite.
[----------] Global test environment set-up.
[----------] 1 test from ConfigDiff
[ RUN      ] ConfigDiff.NoDiffWhenIdentical
[       OK ] ConfigDiff.NoDiffWhenIdentical (0 ms)
[----------] 1 test from ConfigDiff (0 ms total)

[----------] Global test environment tear-down
[==========] 1 test from 1 test suite ran. (0 ms total)
[  PASSED  ] 1 test.
<end of output>
Test time =   0.02 sec
----------------------------------------------------------
Test Passed.
"ConfigDiff.NoDiffWhenIdentical" end time: Mar 27 10:13 UTC
"ConfigDiff.NoDiffWhenIdentical" time elapsed: 00:00:00
----------------------------------------------------------

21/87 Testing: ConfigDiff.DetectsAddedServer
21/87 Test: ConfigDiff.DetectsAddedServer
Command: "/home/claude/flexlm-broker/build/tests/unit/unit_tests" "--gtest_filter=ConfigDiff.DetectsAddedServer" "--gtest_also_run_disabled_tests"
Directory: /home/claude/flexlm-broker/build/tests/unit
"ConfigDiff.DetectsAddedServer" start time: Mar 27 10:13 UTC
Output:
----------------------------------------------------------
Running main() from ./googletest/src/gtest_main.cc
Note: Google Test filter = ConfigDiff.DetectsAddedServer
[==========] Running 1 test from 1 test suite.
[----------] Global test environment set-up.
[----------] 1 test from ConfigDiff
[ RUN      ] ConfigDiff.DetectsAddedServer
[       OK ] ConfigDiff.DetectsAddedServer (0 ms)
[----------] 1 test from ConfigDiff (0 ms total)

[----------] Global test environment tear-down
[==========] 1 test from 1 test suite ran. (0 ms total)
[  PASSED  ] 1 test.
<end of output>
Test time =   0.02 sec
----------------------------------------------------------
Test Passed.
"ConfigDiff.DetectsAddedServer" end time: Mar 27 10:13 UTC
"ConfigDiff.DetectsAddedServer" time elapsed: 00:00:00
----------------------------------------------------------

22/87 Testing: ConfigDiff.DetectsRemovedServer
22/87 Test: ConfigDiff.DetectsRemovedServer
Command: "/home/claude/flexlm-broker/build/tests/unit/unit_tests" "--gtest_filter=ConfigDiff.DetectsRemovedServer" "--gtest_also_run_disabled_tests"
Directory: /home/claude/flexlm-broker/build/tests/unit
"ConfigDiff.DetectsRemovedServer" start time: Mar 27 10:13 UTC
Output:
----------------------------------------------------------
Running main() from ./googletest/src/gtest_main.cc
Note: Google Test filter = ConfigDiff.DetectsRemovedServer
[==========] Running 1 test from 1 test suite.
[----------] Global test environment set-up.
[----------] 1 test from ConfigDiff
[ RUN      ] ConfigDiff.DetectsRemovedServer
[       OK ] ConfigDiff.DetectsRemovedServer (0 ms)
[----------] 1 test from ConfigDiff (0 ms total)

[----------] Global test environment tear-down
[==========] 1 test from 1 test suite ran. (0 ms total)
[  PASSED  ] 1 test.
<end of output>
Test time =   0.05 sec
----------------------------------------------------------
Test Passed.
"ConfigDiff.DetectsRemovedServer" end time: Mar 27 10:13 UTC
"ConfigDiff.DetectsRemovedServer" time elapsed: 00:00:00
----------------------------------------------------------

23/87 Testing: ConfigDiff.DetectsAddAndRemoveSimultaneously
23/87 Test: ConfigDiff.DetectsAddAndRemoveSimultaneously
Command: "/home/claude/flexlm-broker/build/tests/unit/unit_tests" "--gtest_filter=ConfigDiff.DetectsAddAndRemoveSimultaneously" "--gtest_also_run_disabled_tests"
Directory: /home/claude/flexlm-broker/build/tests/unit
"ConfigDiff.DetectsAddAndRemoveSimultaneously" start time: Mar 27 10:13 UTC
Output:
----------------------------------------------------------
Running main() from ./googletest/src/gtest_main.cc
Note: Google Test filter = ConfigDiff.DetectsAddAndRemoveSimultaneously
[==========] Running 1 test from 1 test suite.
[----------] Global test environment set-up.
[----------] 1 test from ConfigDiff
[ RUN      ] ConfigDiff.DetectsAddAndRemoveSimultaneously
[       OK ] ConfigDiff.DetectsAddAndRemoveSimultaneously (0 ms)
[----------] 1 test from ConfigDiff (0 ms total)

[----------] Global test environment tear-down
[==========] 1 test from 1 test suite ran. (0 ms total)
[  PASSED  ] 1 test.
<end of output>
Test time =   0.02 sec
----------------------------------------------------------
Test Passed.
"ConfigDiff.DetectsAddAndRemoveSimultaneously" end time: Mar 27 10:13 UTC
"ConfigDiff.DetectsAddAndRemoveSimultaneously" time elapsed: 00:00:00
----------------------------------------------------------

24/87 Testing: ConfigDiff.NameChangeAloneDoesNotTriggerDiff
24/87 Test: ConfigDiff.NameChangeAloneDoesNotTriggerDiff
Command: "/home/claude/flexlm-broker/build/tests/unit/unit_tests" "--gtest_filter=ConfigDiff.NameChangeAloneDoesNotTriggerDiff" "--gtest_also_run_disabled_tests"
Directory: /home/claude/flexlm-broker/build/tests/unit
"ConfigDiff.NameChangeAloneDoesNotTriggerDiff" start time: Mar 27 10:13 UTC
Output:
----------------------------------------------------------
Running main() from ./googletest/src/gtest_main.cc
Note: Google Test filter = ConfigDiff.NameChangeAloneDoesNotTriggerDiff
[==========] Running 1 test from 1 test suite.
[----------] Global test environment set-up.
[----------] 1 test from ConfigDiff
[ RUN      ] ConfigDiff.NameChangeAloneDoesNotTriggerDiff
[       OK ] ConfigDiff.NameChangeAloneDoesNotTriggerDiff (0 ms)
[----------] 1 test from ConfigDiff (0 ms total)

[----------] Global test environment tear-down
[==========] 1 test from 1 test suite ran. (0 ms total)
[  PASSED  ] 1 test.
<end of output>
Test time =   0.02 sec
----------------------------------------------------------
Test Passed.
"ConfigDiff.NameChangeAloneDoesNotTriggerDiff" end time: Mar 27 10:13 UTC
"ConfigDiff.NameChangeAloneDoesNotTriggerDiff" time elapsed: 00:00:00
----------------------------------------------------------

25/87 Testing: ConfigDiff.DetectsPollIntervalChange
25/87 Test: ConfigDiff.DetectsPollIntervalChange
Command: "/home/claude/flexlm-broker/build/tests/unit/unit_tests" "--gtest_filter=ConfigDiff.DetectsPollIntervalChange" "--gtest_also_run_disabled_tests"
Directory: /home/claude/flexlm-broker/build/tests/unit
"ConfigDiff.DetectsPollIntervalChange" start time: Mar 27 10:13 UTC
Output:
----------------------------------------------------------
Running main() from ./googletest/src/gtest_main.cc
Note: Google Test filter = ConfigDiff.DetectsPollIntervalChange
[==========] Running 1 test from 1 test suite.
[----------] Global test environment set-up.
[----------] 1 test from ConfigDiff
[ RUN      ] ConfigDiff.DetectsPollIntervalChange
[       OK ] ConfigDiff.DetectsPollIntervalChange (0 ms)
[----------] 1 test from ConfigDiff (0 ms total)

[----------] Global test environment tear-down
[==========] 1 test from 1 test suite ran. (0 ms total)
[  PASSED  ] 1 test.
<end of output>
Test time =   0.07 sec
----------------------------------------------------------
Test Passed.
"ConfigDiff.DetectsPollIntervalChange" end time: Mar 27 10:13 UTC
"ConfigDiff.DetectsPollIntervalChange" time elapsed: 00:00:00
----------------------------------------------------------

26/87 Testing: ConfigDiff.DetectsFailoverThresholdChange
26/87 Test: ConfigDiff.DetectsFailoverThresholdChange
Command: "/home/claude/flexlm-broker/build/tests/unit/unit_tests" "--gtest_filter=ConfigDiff.DetectsFailoverThresholdChange" "--gtest_also_run_disabled_tests"
Directory: /home/claude/flexlm-broker/build/tests/unit
"ConfigDiff.DetectsFailoverThresholdChange" start time: Mar 27 10:13 UTC
Output:
----------------------------------------------------------
Running main() from ./googletest/src/gtest_main.cc
Note: Google Test filter = ConfigDiff.DetectsFailoverThresholdChange
[==========] Running 1 test from 1 test suite.
[----------] Global test environment set-up.
[----------] 1 test from ConfigDiff
[ RUN      ] ConfigDiff.DetectsFailoverThresholdChange
[       OK ] ConfigDiff.DetectsFailoverThresholdChange (0 ms)
[----------] 1 test from ConfigDiff (0 ms total)

[----------] Global test environment tear-down
[==========] 1 test from 1 test suite ran. (0 ms total)
[  PASSED  ] 1 test.
<end of output>
Test time =   0.02 sec
----------------------------------------------------------
Test Passed.
"ConfigDiff.DetectsFailoverThresholdChange" end time: Mar 27 10:13 UTC
"ConfigDiff.DetectsFailoverThresholdChange" time elapsed: 00:00:00
----------------------------------------------------------

27/87 Testing: ConfigDiff.EmptyToNonEmpty
27/87 Test: ConfigDiff.EmptyToNonEmpty
Command: "/home/claude/flexlm-broker/build/tests/unit/unit_tests" "--gtest_filter=ConfigDiff.EmptyToNonEmpty" "--gtest_also_run_disabled_tests"
Directory: /home/claude/flexlm-broker/build/tests/unit
"ConfigDiff.EmptyToNonEmpty" start time: Mar 27 10:13 UTC
Output:
----------------------------------------------------------
Running main() from ./googletest/src/gtest_main.cc
Note: Google Test filter = ConfigDiff.EmptyToNonEmpty
[==========] Running 1 test from 1 test suite.
[----------] Global test environment set-up.
[----------] 1 test from ConfigDiff
[ RUN      ] ConfigDiff.EmptyToNonEmpty
[       OK ] ConfigDiff.EmptyToNonEmpty (0 ms)
[----------] 1 test from ConfigDiff (0 ms total)

[----------] Global test environment tear-down
[==========] 1 test from 1 test suite ran. (0 ms total)
[  PASSED  ] 1 test.
<end of output>
Test time =   0.02 sec
----------------------------------------------------------
Test Passed.
"ConfigDiff.EmptyToNonEmpty" end time: Mar 27 10:13 UTC
"ConfigDiff.EmptyToNonEmpty" time elapsed: 00:00:00
----------------------------------------------------------

28/87 Testing: ConfigDiff.NonEmptyToEmpty
28/87 Test: ConfigDiff.NonEmptyToEmpty
Command: "/home/claude/flexlm-broker/build/tests/unit/unit_tests" "--gtest_filter=ConfigDiff.NonEmptyToEmpty" "--gtest_also_run_disabled_tests"
Directory: /home/claude/flexlm-broker/build/tests/unit
"ConfigDiff.NonEmptyToEmpty" start time: Mar 27 10:13 UTC
Output:
----------------------------------------------------------
Running main() from ./googletest/src/gtest_main.cc
Note: Google Test filter = ConfigDiff.NonEmptyToEmpty
[==========] Running 1 test from 1 test suite.
[----------] Global test environment set-up.
[----------] 1 test from ConfigDiff
[ RUN      ] ConfigDiff.NonEmptyToEmpty
[       OK ] ConfigDiff.NonEmptyToEmpty (0 ms)
[----------] 1 test from ConfigDiff (0 ms total)

[----------] Global test environment tear-down
[==========] 1 test from 1 test suite ran. (0 ms total)
[  PASSED  ] 1 test.
<end of output>
Test time =   0.06 sec
----------------------------------------------------------
Test Passed.
"ConfigDiff.NonEmptyToEmpty" end time: Mar 27 10:13 UTC
"ConfigDiff.NonEmptyToEmpty" time elapsed: 00:00:00
----------------------------------------------------------

29/87 Testing: ConfigDiff.LargePoolPartialChange
29/87 Test: ConfigDiff.LargePoolPartialChange
Command: "/home/claude/flexlm-broker/build/tests/unit/unit_tests" "--gtest_filter=ConfigDiff.LargePoolPartialChange" "--gtest_also_run_disabled_tests"
Directory: /home/claude/flexlm-broker/build/tests/unit
"ConfigDiff.LargePoolPartialChange" start time: Mar 27 10:13 UTC
Output:
----------------------------------------------------------
Running main() from ./googletest/src/gtest_main.cc
Note: Google Test filter = ConfigDiff.LargePoolPartialChange
[==========] Running 1 test from 1 test suite.
[----------] Global test environment set-up.
[----------] 1 test from ConfigDiff
[ RUN      ] ConfigDiff.LargePoolPartialChange
[       OK ] ConfigDiff.LargePoolPartialChange (0 ms)
[----------] 1 test from ConfigDiff (0 ms total)

[----------] Global test environment tear-down
[==========] 1 test from 1 test suite ran. (0 ms total)
[  PASSED  ] 1 test.
<end of output>
Test time =   0.02 sec
----------------------------------------------------------
Test Passed.
"ConfigDiff.LargePoolPartialChange" end time: Mar 27 10:13 UTC
"ConfigDiff.LargePoolPartialChange" time elapsed: 00:00:00
----------------------------------------------------------

30/87 Testing: ServerEntry.EqualityByHostPortAndName
30/87 Test: ServerEntry.EqualityByHostPortAndName
Command: "/home/claude/flexlm-broker/build/tests/unit/unit_tests" "--gtest_filter=ServerEntry.EqualityByHostPortAndName" "--gtest_also_run_disabled_tests"
Directory: /home/claude/flexlm-broker/build/tests/unit
"ServerEntry.EqualityByHostPortAndName" start time: Mar 27 10:13 UTC
Output:
----------------------------------------------------------
Running main() from ./googletest/src/gtest_main.cc
Note: Google Test filter = ServerEntry.EqualityByHostPortAndName
[==========] Running 1 test from 1 test suite.
[----------] Global test environment set-up.
[----------] 1 test from ServerEntry
[ RUN      ] ServerEntry.EqualityByHostPortAndName
[       OK ] ServerEntry.EqualityByHostPortAndName (0 ms)
[----------] 1 test from ServerEntry (0 ms total)

[----------] Global test environment tear-down
[==========] 1 test from 1 test suite ran. (0 ms total)
[  PASSED  ] 1 test.
<end of output>
Test time =   0.02 sec
----------------------------------------------------------
Test Passed.
"ServerEntry.EqualityByHostPortAndName" end time: Mar 27 10:13 UTC
"ServerEntry.EqualityByHostPortAndName" time elapsed: 00:00:00
----------------------------------------------------------

31/87 Testing: ServerEntry.SameEndpointIgnoresName
31/87 Test: ServerEntry.SameEndpointIgnoresName
Command: "/home/claude/flexlm-broker/build/tests/unit/unit_tests" "--gtest_filter=ServerEntry.SameEndpointIgnoresName" "--gtest_also_run_disabled_tests"
Directory: /home/claude/flexlm-broker/build/tests/unit
"ServerEntry.SameEndpointIgnoresName" start time: Mar 27 10:13 UTC
Output:
----------------------------------------------------------
Running main() from ./googletest/src/gtest_main.cc
Note: Google Test filter = ServerEntry.SameEndpointIgnoresName
[==========] Running 1 test from 1 test suite.
[----------] Global test environment set-up.
[----------] 1 test from ServerEntry
[ RUN      ] ServerEntry.SameEndpointIgnoresName
[       OK ] ServerEntry.SameEndpointIgnoresName (0 ms)
[----------] 1 test from ServerEntry (0 ms total)

[----------] Global test environment tear-down
[==========] 1 test from 1 test suite ran. (0 ms total)
[  PASSED  ] 1 test.
<end of output>
Test time =   0.06 sec
----------------------------------------------------------
Test Passed.
"ServerEntry.SameEndpointIgnoresName" end time: Mar 27 10:13 UTC
"ServerEntry.SameEndpointIgnoresName" time elapsed: 00:00:00
----------------------------------------------------------

32/87 Testing: ServerEntry.SameEndpointDifferentPort
32/87 Test: ServerEntry.SameEndpointDifferentPort
Command: "/home/claude/flexlm-broker/build/tests/unit/unit_tests" "--gtest_filter=ServerEntry.SameEndpointDifferentPort" "--gtest_also_run_disabled_tests"
Directory: /home/claude/flexlm-broker/build/tests/unit
"ServerEntry.SameEndpointDifferentPort" start time: Mar 27 10:13 UTC
Output:
----------------------------------------------------------
Running main() from ./googletest/src/gtest_main.cc
Note: Google Test filter = ServerEntry.SameEndpointDifferentPort
[==========] Running 1 test from 1 test suite.
[----------] Global test environment set-up.
[----------] 1 test from ServerEntry
[ RUN      ] ServerEntry.SameEndpointDifferentPort
[       OK ] ServerEntry.SameEndpointDifferentPort (0 ms)
[----------] 1 test from ServerEntry (0 ms total)

[----------] Global test environment tear-down
[==========] 1 test from 1 test suite ran. (0 ms total)
[  PASSED  ] 1 test.
<end of output>
Test time =   0.02 sec
----------------------------------------------------------
Test Passed.
"ServerEntry.SameEndpointDifferentPort" end time: Mar 27 10:13 UTC
"ServerEntry.SameEndpointDifferentPort" time elapsed: 00:00:00
----------------------------------------------------------

33/87 Testing: ConfigReloader.TriggerReloadDetectsAddedServer
33/87 Test: ConfigReloader.TriggerReloadDetectsAddedServer
Command: "/home/claude/flexlm-broker/build/tests/unit/unit_tests" "--gtest_filter=ConfigReloader.TriggerReloadDetectsAddedServer" "--gtest_also_run_disabled_tests"
Directory: /home/claude/flexlm-broker/build/tests/unit
"ConfigReloader.TriggerReloadDetectsAddedServer" start time: Mar 27 10:13 UTC
Output:
----------------------------------------------------------
Running main() from ./googletest/src/gtest_main.cc
Note: Google Test filter = ConfigReloader.TriggerReloadDetectsAddedServer
[==========] Running 1 test from 1 test suite.
[----------] Global test environment set-up.
[----------] 1 test from ConfigReloader
[ RUN      ] ConfigReloader.TriggerReloadDetectsAddedServer
[2026-03-27 10:13:31.952] [info] [reloader] Watching /tmp/broker_reloader_TGxk4H.conf (interval=60s)
[2026-03-27 10:13:32.053] [info] [reloader] Reload triggered by signal
[2026-03-27 10:13:32.053] [info] [reloader] Config changed: +1 servers, -0 servers
[2026-03-27 10:13:32.053] [info] [reloader]   ADD  srv2.example.com:27000 (secondary)
[       OK ] ConfigReloader.TriggerReloadDetectsAddedServer (404 ms)
[----------] 1 test from ConfigReloader (404 ms total)

[----------] Global test environment tear-down
[==========] 1 test from 1 test suite ran. (404 ms total)
[  PASSED  ] 1 test.
<end of output>
Test time =   0.42 sec
----------------------------------------------------------
Test Passed.
"ConfigReloader.TriggerReloadDetectsAddedServer" end time: Mar 27 10:13 UTC
"ConfigReloader.TriggerReloadDetectsAddedServer" time elapsed: 00:00:00
----------------------------------------------------------

34/87 Testing: ConfigReloader.MtimeWatcherDetectsChange
34/87 Test: ConfigReloader.MtimeWatcherDetectsChange
Command: "/home/claude/flexlm-broker/build/tests/unit/unit_tests" "--gtest_filter=ConfigReloader.MtimeWatcherDetectsChange" "--gtest_also_run_disabled_tests"
Directory: /home/claude/flexlm-broker/build/tests/unit
"ConfigReloader.MtimeWatcherDetectsChange" start time: Mar 27 10:13 UTC
Output:
----------------------------------------------------------
Running main() from ./googletest/src/gtest_main.cc
Note: Google Test filter = ConfigReloader.MtimeWatcherDetectsChange
[==========] Running 1 test from 1 test suite.
[----------] Global test environment set-up.
[----------] 1 test from ConfigReloader
[ RUN      ] ConfigReloader.MtimeWatcherDetectsChange
[2026-03-27 10:13:32.381] [info] [reloader] Watching /tmp/broker_reloader_tFo9zR.conf (interval=1s)
[2026-03-27 10:13:34.391] [info] [reloader] Config file changed on disk — reloading
[2026-03-27 10:13:34.391] [info] [reloader] Config changed: +1 servers, -0 servers
[2026-03-27 10:13:34.391] [info] [reloader]   ADD  srv2.example.com:27000 (secondary)
[       OK ] ConfigReloader.MtimeWatcherDetectsChange (2714 ms)
[----------] 1 test from ConfigReloader (2714 ms total)

[----------] Global test environment tear-down
[==========] 1 test from 1 test suite ran. (2714 ms total)
[  PASSED  ] 1 test.
<end of output>
Test time =   2.74 sec
----------------------------------------------------------
Test Passed.
"ConfigReloader.MtimeWatcherDetectsChange" end time: Mar 27 10:13 UTC
"ConfigReloader.MtimeWatcherDetectsChange" time elapsed: 00:00:02
----------------------------------------------------------

35/87 Testing: ConfigReloader.NoCallbackWhenUnchanged
35/87 Test: ConfigReloader.NoCallbackWhenUnchanged
Command: "/home/claude/flexlm-broker/build/tests/unit/unit_tests" "--gtest_filter=ConfigReloader.NoCallbackWhenUnchanged" "--gtest_also_run_disabled_tests"
Directory: /home/claude/flexlm-broker/build/tests/unit
"ConfigReloader.NoCallbackWhenUnchanged" start time: Mar 27 10:13 UTC
Output:
----------------------------------------------------------
Running main() from ./googletest/src/gtest_main.cc
Note: Google Test filter = ConfigReloader.NoCallbackWhenUnchanged
[==========] Running 1 test from 1 test suite.
[----------] Global test environment set-up.
[----------] 1 test from ConfigReloader
[ RUN      ] ConfigReloader.NoCallbackWhenUnchanged
[2026-03-27 10:13:35.117] [info] [reloader] Watching /tmp/broker_reloader_7IYPBk.conf (interval=1s)
[2026-03-27 10:13:35.217] [info] [reloader] Reload triggered by signal
[       OK ] ConfigReloader.NoCallbackWhenUnchanged (404 ms)
[----------] 1 test from ConfigReloader (405 ms total)

[----------] Global test environment tear-down
[==========] 1 test from 1 test suite ran. (405 ms total)
[  PASSED  ] 1 test.
<end of output>
Test time =   0.42 sec
----------------------------------------------------------
Test Passed.
"ConfigReloader.NoCallbackWhenUnchanged" end time: Mar 27 10:13 UTC
"ConfigReloader.NoCallbackWhenUnchanged" time elapsed: 00:00:00
----------------------------------------------------------

36/87 Testing: ConfigReloader.PollIntervalChangePropagated
36/87 Test: ConfigReloader.PollIntervalChangePropagated
Command: "/home/claude/flexlm-broker/build/tests/unit/unit_tests" "--gtest_filter=ConfigReloader.PollIntervalChangePropagated" "--gtest_also_run_disabled_tests"
Directory: /home/claude/flexlm-broker/build/tests/unit
"ConfigReloader.PollIntervalChangePropagated" start time: Mar 27 10:13 UTC
Output:
----------------------------------------------------------
Running main() from ./googletest/src/gtest_main.cc
Note: Google Test filter = ConfigReloader.PollIntervalChangePropagated
[==========] Running 1 test from 1 test suite.
[----------] Global test environment set-up.
[----------] 1 test from ConfigReloader
[ RUN      ] ConfigReloader.PollIntervalChangePropagated
[2026-03-27 10:13:35.544] [info] [reloader] Watching /tmp/broker_reloader_KXRRT2.conf (interval=60s)
[2026-03-27 10:13:35.644] [info] [reloader] Reload triggered by signal
[2026-03-27 10:13:35.645] [info] [reloader] Config changed: +0 servers, -0 servers, poll_interval changed
[       OK ] ConfigReloader.PollIntervalChangePropagated (403 ms)
[----------] 1 test from ConfigReloader (403 ms total)

[----------] Global test environment tear-down
[==========] 1 test from 1 test suite ran. (403 ms total)
[  PASSED  ] 1 test.
<end of output>
Test time =   0.42 sec
----------------------------------------------------------
Test Passed.
"ConfigReloader.PollIntervalChangePropagated" end time: Mar 27 10:13 UTC
"ConfigReloader.PollIntervalChangePropagated" time elapsed: 00:00:00
----------------------------------------------------------

37/87 Testing: ConfigReloader.CurrentConfigReflectsLatest
37/87 Test: ConfigReloader.CurrentConfigReflectsLatest
Command: "/home/claude/flexlm-broker/build/tests/unit/unit_tests" "--gtest_filter=ConfigReloader.CurrentConfigReflectsLatest" "--gtest_also_run_disabled_tests"
Directory: /home/claude/flexlm-broker/build/tests/unit
"ConfigReloader.CurrentConfigReflectsLatest" start time: Mar 27 10:13 UTC
Output:
----------------------------------------------------------
Running main() from ./googletest/src/gtest_main.cc
Note: Google Test filter = ConfigReloader.CurrentConfigReflectsLatest
[==========] Running 1 test from 1 test suite.
[----------] Global test environment set-up.
[----------] 1 test from ConfigReloader
[ RUN      ] ConfigReloader.CurrentConfigReflectsLatest
[2026-03-27 10:13:35.969] [info] [reloader] Watching /tmp/broker_reloader_PVH02V.conf (interval=60s)
[2026-03-27 10:13:36.070] [info] [reloader] Reload triggered by signal
[2026-03-27 10:13:36.070] [info] [reloader] Config changed: +1 servers, -0 servers
[2026-03-27 10:13:36.071] [info] [reloader]   ADD  srv2.example.com:27000 (secondary)
[       OK ] ConfigReloader.CurrentConfigReflectsLatest (403 ms)
[----------] 1 test from ConfigReloader (403 ms total)

[----------] Global test environment tear-down
[==========] 1 test from 1 test suite ran. (403 ms total)
[  PASSED  ] 1 test.
<end of output>
Test time =   0.43 sec
----------------------------------------------------------
Test Passed.
"ConfigReloader.CurrentConfigReflectsLatest" end time: Mar 27 10:13 UTC
"ConfigReloader.CurrentConfigReflectsLatest" time elapsed: 00:00:00
----------------------------------------------------------

38/87 Testing: Framing.RoundTripEmptyPayload
38/87 Test: Framing.RoundTripEmptyPayload
Command: "/home/claude/flexlm-broker/build/tests/unit/unit_tests" "--gtest_filter=Framing.RoundTripEmptyPayload" "--gtest_also_run_disabled_tests"
Directory: /home/claude/flexlm-broker/build/tests/unit
"Framing.RoundTripEmptyPayload" start time: Mar 27 10:13 UTC
Output:
----------------------------------------------------------
Running main() from ./googletest/src/gtest_main.cc
Note: Google Test filter = Framing.RoundTripEmptyPayload
[==========] Running 1 test from 1 test suite.
[----------] Global test environment set-up.
[----------] 1 test from Framing
[ RUN      ] Framing.RoundTripEmptyPayload
[       OK ] Framing.RoundTripEmptyPayload (0 ms)
[----------] 1 test from Framing (0 ms total)

[----------] Global test environment tear-down
[==========] 1 test from 1 test suite ran. (0 ms total)
[  PASSED  ] 1 test.
<end of output>
Test time =   0.02 sec
----------------------------------------------------------
Test Passed.
"Framing.RoundTripEmptyPayload" end time: Mar 27 10:13 UTC
"Framing.RoundTripEmptyPayload" time elapsed: 00:00:00
----------------------------------------------------------

39/87 Testing: Framing.RoundTripWithPayload
39/87 Test: Framing.RoundTripWithPayload
Command: "/home/claude/flexlm-broker/build/tests/unit/unit_tests" "--gtest_filter=Framing.RoundTripWithPayload" "--gtest_also_run_disabled_tests"
Directory: /home/claude/flexlm-broker/build/tests/unit
"Framing.RoundTripWithPayload" start time: Mar 27 10:13 UTC
Output:
----------------------------------------------------------
Running main() from ./googletest/src/gtest_main.cc
Note: Google Test filter = Framing.RoundTripWithPayload
[==========] Running 1 test from 1 test suite.
[----------] Global test environment set-up.
[----------] 1 test from Framing
[ RUN      ] Framing.RoundTripWithPayload
[       OK ] Framing.RoundTripWithPayload (0 ms)
[----------] 1 test from Framing (0 ms total)

[----------] Global test environment tear-down
[==========] 1 test from 1 test suite ran. (0 ms total)
[  PASSED  ] 1 test.
<end of output>
Test time =   0.02 sec
----------------------------------------------------------
Test Passed.
"Framing.RoundTripWithPayload" end time: Mar 27 10:13 UTC
"Framing.RoundTripWithPayload" time elapsed: 00:00:00
----------------------------------------------------------

40/87 Testing: Framing.PartialReceive
40/87 Test: Framing.PartialReceive
Command: "/home/claude/flexlm-broker/build/tests/unit/unit_tests" "--gtest_filter=Framing.PartialReceive" "--gtest_also_run_disabled_tests"
Directory: /home/claude/flexlm-broker/build/tests/unit
"Framing.PartialReceive" start time: Mar 27 10:13 UTC
Output:
----------------------------------------------------------
Running main() from ./googletest/src/gtest_main.cc
Note: Google Test filter = Framing.PartialReceive
[==========] Running 1 test from 1 test suite.
[----------] Global test environment set-up.
[----------] 1 test from Framing
[ RUN      ] Framing.PartialReceive
[       OK ] Framing.PartialReceive (0 ms)
[----------] 1 test from Framing (0 ms total)

[----------] Global test environment tear-down
[==========] 1 test from 1 test suite ran. (0 ms total)
[  PASSED  ] 1 test.
<end of output>
Test time =   0.02 sec
----------------------------------------------------------
Test Passed.
"Framing.PartialReceive" end time: Mar 27 10:13 UTC
"Framing.PartialReceive" time elapsed: 00:00:00
----------------------------------------------------------

41/87 Testing: Framing.MultiplePacketsInOneBuffer
41/87 Test: Framing.MultiplePacketsInOneBuffer
Command: "/home/claude/flexlm-broker/build/tests/unit/unit_tests" "--gtest_filter=Framing.MultiplePacketsInOneBuffer" "--gtest_also_run_disabled_tests"
Directory: /home/claude/flexlm-broker/build/tests/unit
"Framing.MultiplePacketsInOneBuffer" start time: Mar 27 10:13 UTC
Output:
----------------------------------------------------------
Running main() from ./googletest/src/gtest_main.cc
Note: Google Test filter = Framing.MultiplePacketsInOneBuffer
[==========] Running 1 test from 1 test suite.
[----------] Global test environment set-up.
[----------] 1 test from Framing
[ RUN      ] Framing.MultiplePacketsInOneBuffer
[       OK ] Framing.MultiplePacketsInOneBuffer (0 ms)
[----------] 1 test from Framing (0 ms total)

[----------] Global test environment tear-down
[==========] 1 test from 1 test suite ran. (0 ms total)
[  PASSED  ] 1 test.
<end of output>
Test time =   0.02 sec
----------------------------------------------------------
Test Passed.
"Framing.MultiplePacketsInOneBuffer" end time: Mar 27 10:13 UTC
"Framing.MultiplePacketsInOneBuffer" time elapsed: 00:00:00
----------------------------------------------------------

42/87 Testing: Framing.OversizedPacketSetsError
42/87 Test: Framing.OversizedPacketSetsError
Command: "/home/claude/flexlm-broker/build/tests/unit/unit_tests" "--gtest_filter=Framing.OversizedPacketSetsError" "--gtest_also_run_disabled_tests"
Directory: /home/claude/flexlm-broker/build/tests/unit
"Framing.OversizedPacketSetsError" start time: Mar 27 10:13 UTC
Output:
----------------------------------------------------------
Running main() from ./googletest/src/gtest_main.cc
Note: Google Test filter = Framing.OversizedPacketSetsError
[==========] Running 1 test from 1 test suite.
[----------] Global test environment set-up.
[----------] 1 test from Framing
[ RUN      ] Framing.OversizedPacketSetsError
[2026-03-27 10:13:36.516] [error] [framing] Oversized packet (len=8193), closing connection
[       OK ] Framing.OversizedPacketSetsError (0 ms)
[----------] 1 test from Framing (0 ms total)

[----------] Global test environment tear-down
[==========] 1 test from 1 test suite ran. (0 ms total)
[  PASSED  ] 1 test.
<end of output>
Test time =   0.06 sec
----------------------------------------------------------
Test Passed.
"Framing.OversizedPacketSetsError" end time: Mar 27 10:13 UTC
"Framing.OversizedPacketSetsError" time elapsed: 00:00:00
----------------------------------------------------------

43/87 Testing: Framing.UnknownOpcodePreserved
43/87 Test: Framing.UnknownOpcodePreserved
Command: "/home/claude/flexlm-broker/build/tests/unit/unit_tests" "--gtest_filter=Framing.UnknownOpcodePreserved" "--gtest_also_run_disabled_tests"
Directory: /home/claude/flexlm-broker/build/tests/unit
"Framing.UnknownOpcodePreserved" start time: Mar 27 10:13 UTC
Output:
----------------------------------------------------------
Running main() from ./googletest/src/gtest_main.cc
Note: Google Test filter = Framing.UnknownOpcodePreserved
[==========] Running 1 test from 1 test suite.
[----------] Global test environment set-up.
[----------] 1 test from Framing
[ RUN      ] Framing.UnknownOpcodePreserved
[       OK ] Framing.UnknownOpcodePreserved (0 ms)
[----------] 1 test from Framing (0 ms total)

[----------] Global test environment tear-down
[==========] 1 test from 1 test suite ran. (0 ms total)
[  PASSED  ] 1 test.
<end of output>
Test time =   0.02 sec
----------------------------------------------------------
Test Passed.
"Framing.UnknownOpcodePreserved" end time: Mar 27 10:13 UTC
"Framing.UnknownOpcodePreserved" time elapsed: 00:00:00
----------------------------------------------------------

44/87 Testing: ByteOrder.U16RoundTrip
44/87 Test: ByteOrder.U16RoundTrip
Command: "/home/claude/flexlm-broker/build/tests/unit/unit_tests" "--gtest_filter=ByteOrder.U16RoundTrip" "--gtest_also_run_disabled_tests"
Directory: /home/claude/flexlm-broker/build/tests/unit
"ByteOrder.U16RoundTrip" start time: Mar 27 10:13 UTC
Output:
----------------------------------------------------------
Running main() from ./googletest/src/gtest_main.cc
Note: Google Test filter = ByteOrder.U16RoundTrip
[==========] Running 1 test from 1 test suite.
[----------] Global test environment set-up.
[----------] 1 test from ByteOrder
[ RUN      ] ByteOrder.U16RoundTrip
[       OK ] ByteOrder.U16RoundTrip (0 ms)
[----------] 1 test from ByteOrder (0 ms total)

[----------] Global test environment tear-down
[==========] 1 test from 1 test suite ran. (0 ms total)
[  PASSED  ] 1 test.
<end of output>
Test time =   0.06 sec
----------------------------------------------------------
Test Passed.
"ByteOrder.U16RoundTrip" end time: Mar 27 10:13 UTC
"ByteOrder.U16RoundTrip" time elapsed: 00:00:00
----------------------------------------------------------

45/87 Testing: ByteOrder.U32RoundTrip
45/87 Test: ByteOrder.U32RoundTrip
Command: "/home/claude/flexlm-broker/build/tests/unit/unit_tests" "--gtest_filter=ByteOrder.U32RoundTrip" "--gtest_also_run_disabled_tests"
Directory: /home/claude/flexlm-broker/build/tests/unit
"ByteOrder.U32RoundTrip" start time: Mar 27 10:13 UTC
Output:
----------------------------------------------------------
Running main() from ./googletest/src/gtest_main.cc
Note: Google Test filter = ByteOrder.U32RoundTrip
[==========] Running 1 test from 1 test suite.
[----------] Global test environment set-up.
[----------] 1 test from ByteOrder
[ RUN      ] ByteOrder.U32RoundTrip
[       OK ] ByteOrder.U32RoundTrip (0 ms)
[----------] 1 test from ByteOrder (0 ms total)

[----------] Global test environment tear-down
[==========] 1 test from 1 test suite ran. (0 ms total)
[  PASSED  ] 1 test.
<end of output>
Test time =   0.02 sec
----------------------------------------------------------
Test Passed.
"ByteOrder.U32RoundTrip" end time: Mar 27 10:13 UTC
"ByteOrder.U32RoundTrip" time elapsed: 00:00:00
----------------------------------------------------------

46/87 Testing: LString.WriteAndRead
46/87 Test: LString.WriteAndRead
Command: "/home/claude/flexlm-broker/build/tests/unit/unit_tests" "--gtest_filter=LString.WriteAndRead" "--gtest_also_run_disabled_tests"
Directory: /home/claude/flexlm-broker/build/tests/unit
"LString.WriteAndRead" start time: Mar 27 10:13 UTC
Output:
----------------------------------------------------------
Running main() from ./googletest/src/gtest_main.cc
Note: Google Test filter = LString.WriteAndRead
[==========] Running 1 test from 1 test suite.
[----------] Global test environment set-up.
[----------] 1 test from LString
[ RUN      ] LString.WriteAndRead
[       OK ] LString.WriteAndRead (0 ms)
[----------] 1 test from LString (0 ms total)

[----------] Global test environment tear-down
[==========] 1 test from 1 test suite ran. (0 ms total)
[  PASSED  ] 1 test.
<end of output>
Test time =   0.02 sec
----------------------------------------------------------
Test Passed.
"LString.WriteAndRead" end time: Mar 27 10:13 UTC
"LString.WriteAndRead" time elapsed: 00:00:00
----------------------------------------------------------

47/87 Testing: LString.EmptyString
47/87 Test: LString.EmptyString
Command: "/home/claude/flexlm-broker/build/tests/unit/unit_tests" "--gtest_filter=LString.EmptyString" "--gtest_also_run_disabled_tests"
Directory: /home/claude/flexlm-broker/build/tests/unit
"LString.EmptyString" start time: Mar 27 10:13 UTC
Output:
----------------------------------------------------------
Running main() from ./googletest/src/gtest_main.cc
Note: Google Test filter = LString.EmptyString
[==========] Running 1 test from 1 test suite.
[----------] Global test environment set-up.
[----------] 1 test from LString
[ RUN      ] LString.EmptyString
[       OK ] LString.EmptyString (0 ms)
[----------] 1 test from LString (0 ms total)

[----------] Global test environment tear-down
[==========] 1 test from 1 test suite ran. (0 ms total)
[  PASSED  ] 1 test.
<end of output>
Test time =   0.06 sec
----------------------------------------------------------
Test Passed.
"LString.EmptyString" end time: Mar 27 10:13 UTC
"LString.EmptyString" time elapsed: 00:00:00
----------------------------------------------------------

48/87 Testing: LString.TooLongThrows
48/87 Test: LString.TooLongThrows
Command: "/home/claude/flexlm-broker/build/tests/unit/unit_tests" "--gtest_filter=LString.TooLongThrows" "--gtest_also_run_disabled_tests"
Directory: /home/claude/flexlm-broker/build/tests/unit
"LString.TooLongThrows" start time: Mar 27 10:13 UTC
Output:
----------------------------------------------------------
Running main() from ./googletest/src/gtest_main.cc
Note: Google Test filter = LString.TooLongThrows
[==========] Running 1 test from 1 test suite.
[----------] Global test environment set-up.
[----------] 1 test from LString
[ RUN      ] LString.TooLongThrows
[       OK ] LString.TooLongThrows (0 ms)
[----------] 1 test from LString (0 ms total)

[----------] Global test environment tear-down
[==========] 1 test from 1 test suite ran. (0 ms total)
[  PASSED  ] 1 test.
<end of output>
Test time =   0.02 sec
----------------------------------------------------------
Test Passed.
"LString.TooLongThrows" end time: Mar 27 10:13 UTC
"LString.TooLongThrows" time elapsed: 00:00:00
----------------------------------------------------------

49/87 Testing: Protocol.HelloRoundTrip
49/87 Test: Protocol.HelloRoundTrip
Command: "/home/claude/flexlm-broker/build/tests/unit/unit_tests" "--gtest_filter=Protocol.HelloRoundTrip" "--gtest_also_run_disabled_tests"
Directory: /home/claude/flexlm-broker/build/tests/unit
"Protocol.HelloRoundTrip" start time: Mar 27 10:13 UTC
Output:
----------------------------------------------------------
Running main() from ./googletest/src/gtest_main.cc
Note: Google Test filter = Protocol.HelloRoundTrip
[==========] Running 1 test from 1 test suite.
[----------] Global test environment set-up.
[----------] 1 test from Protocol
[ RUN      ] Protocol.HelloRoundTrip
[       OK ] Protocol.HelloRoundTrip (0 ms)
[----------] 1 test from Protocol (0 ms total)

[----------] Global test environment tear-down
[==========] 1 test from 1 test suite ran. (0 ms total)
[  PASSED  ] 1 test.
<end of output>
Test time =   0.02 sec
----------------------------------------------------------
Test Passed.
"Protocol.HelloRoundTrip" end time: Mar 27 10:13 UTC
"Protocol.HelloRoundTrip" time elapsed: 00:00:00
----------------------------------------------------------

50/87 Testing: Protocol.HelloAckRoundTrip
50/87 Test: Protocol.HelloAckRoundTrip
Command: "/home/claude/flexlm-broker/build/tests/unit/unit_tests" "--gtest_filter=Protocol.HelloAckRoundTrip" "--gtest_also_run_disabled_tests"
Directory: /home/claude/flexlm-broker/build/tests/unit
"Protocol.HelloAckRoundTrip" start time: Mar 27 10:13 UTC
Output:
----------------------------------------------------------
Running main() from ./googletest/src/gtest_main.cc
Note: Google Test filter = Protocol.HelloAckRoundTrip
[==========] Running 1 test from 1 test suite.
[----------] Global test environment set-up.
[----------] 1 test from Protocol
[ RUN      ] Protocol.HelloAckRoundTrip
[       OK ] Protocol.HelloAckRoundTrip (0 ms)
[----------] 1 test from Protocol (0 ms total)

[----------] Global test environment tear-down
[==========] 1 test from 1 test suite ran. (0 ms total)
[  PASSED  ] 1 test.
<end of output>
Test time =   0.06 sec
----------------------------------------------------------
Test Passed.
"Protocol.HelloAckRoundTrip" end time: Mar 27 10:13 UTC
"Protocol.HelloAckRoundTrip" time elapsed: 00:00:00
----------------------------------------------------------

51/87 Testing: Protocol.CheckoutRoundTrip
51/87 Test: Protocol.CheckoutRoundTrip
Command: "/home/claude/flexlm-broker/build/tests/unit/unit_tests" "--gtest_filter=Protocol.CheckoutRoundTrip" "--gtest_also_run_disabled_tests"
Directory: /home/claude/flexlm-broker/build/tests/unit
"Protocol.CheckoutRoundTrip" start time: Mar 27 10:13 UTC
Output:
----------------------------------------------------------
Running main() from ./googletest/src/gtest_main.cc
Note: Google Test filter = Protocol.CheckoutRoundTrip
[==========] Running 1 test from 1 test suite.
[----------] Global test environment set-up.
[----------] 1 test from Protocol
[ RUN      ] Protocol.CheckoutRoundTrip
[       OK ] Protocol.CheckoutRoundTrip (0 ms)
[----------] 1 test from Protocol (0 ms total)

[----------] Global test environment tear-down
[==========] 1 test from 1 test suite ran. (0 ms total)
[  PASSED  ] 1 test.
<end of output>
Test time =   0.02 sec
----------------------------------------------------------
Test Passed.
"Protocol.CheckoutRoundTrip" end time: Mar 27 10:13 UTC
"Protocol.CheckoutRoundTrip" time elapsed: 00:00:00
----------------------------------------------------------

52/87 Testing: Protocol.CheckoutAckGranted
52/87 Test: Protocol.CheckoutAckGranted
Command: "/home/claude/flexlm-broker/build/tests/unit/unit_tests" "--gtest_filter=Protocol.CheckoutAckGranted" "--gtest_also_run_disabled_tests"
Directory: /home/claude/flexlm-broker/build/tests/unit
"Protocol.CheckoutAckGranted" start time: Mar 27 10:13 UTC
Output:
----------------------------------------------------------
Running main() from ./googletest/src/gtest_main.cc
Note: Google Test filter = Protocol.CheckoutAckGranted
[==========] Running 1 test from 1 test suite.
[----------] Global test environment set-up.
[----------] 1 test from Protocol
[ RUN      ] Protocol.CheckoutAckGranted
[       OK ] Protocol.CheckoutAckGranted (0 ms)
[----------] 1 test from Protocol (0 ms total)

[----------] Global test environment tear-down
[==========] 1 test from 1 test suite ran. (0 ms total)
[  PASSED  ] 1 test.
<end of output>
Test time =   0.02 sec
----------------------------------------------------------
Test Passed.
"Protocol.CheckoutAckGranted" end time: Mar 27 10:13 UTC
"Protocol.CheckoutAckGranted" time elapsed: 00:00:00
----------------------------------------------------------

53/87 Testing: Protocol.CheckoutAckDenied
53/87 Test: Protocol.CheckoutAckDenied
Command: "/home/claude/flexlm-broker/build/tests/unit/unit_tests" "--gtest_filter=Protocol.CheckoutAckDenied" "--gtest_also_run_disabled_tests"
Directory: /home/claude/flexlm-broker/build/tests/unit
"Protocol.CheckoutAckDenied" start time: Mar 27 10:13 UTC
Output:
----------------------------------------------------------
Running main() from ./googletest/src/gtest_main.cc
Note: Google Test filter = Protocol.CheckoutAckDenied
[==========] Running 1 test from 1 test suite.
[----------] Global test environment set-up.
[----------] 1 test from Protocol
[ RUN      ] Protocol.CheckoutAckDenied
[       OK ] Protocol.CheckoutAckDenied (0 ms)
[----------] 1 test from Protocol (0 ms total)

[----------] Global test environment tear-down
[==========] 1 test from 1 test suite ran. (0 ms total)
[  PASSED  ] 1 test.
<end of output>
Test time =   0.07 sec
----------------------------------------------------------
Test Passed.
"Protocol.CheckoutAckDenied" end time: Mar 27 10:13 UTC
"Protocol.CheckoutAckDenied" time elapsed: 00:00:00
----------------------------------------------------------

54/87 Testing: Protocol.CheckinRoundTrip
54/87 Test: Protocol.CheckinRoundTrip
Command: "/home/claude/flexlm-broker/build/tests/unit/unit_tests" "--gtest_filter=Protocol.CheckinRoundTrip" "--gtest_also_run_disabled_tests"
Directory: /home/claude/flexlm-broker/build/tests/unit
"Protocol.CheckinRoundTrip" start time: Mar 27 10:13 UTC
Output:
----------------------------------------------------------
Running main() from ./googletest/src/gtest_main.cc
Note: Google Test filter = Protocol.CheckinRoundTrip
[==========] Running 1 test from 1 test suite.
[----------] Global test environment set-up.
[----------] 1 test from Protocol
[ RUN      ] Protocol.CheckinRoundTrip
[       OK ] Protocol.CheckinRoundTrip (0 ms)
[----------] 1 test from Protocol (0 ms total)

[----------] Global test environment tear-down
[==========] 1 test from 1 test suite ran. (0 ms total)
[  PASSED  ] 1 test.
<end of output>
Test time =   0.02 sec
----------------------------------------------------------
Test Passed.
"Protocol.CheckinRoundTrip" end time: Mar 27 10:13 UTC
"Protocol.CheckinRoundTrip" time elapsed: 00:00:00
----------------------------------------------------------

55/87 Testing: Protocol.HeartbeatRoundTrip
55/87 Test: Protocol.HeartbeatRoundTrip
Command: "/home/claude/flexlm-broker/build/tests/unit/unit_tests" "--gtest_filter=Protocol.HeartbeatRoundTrip" "--gtest_also_run_disabled_tests"
Directory: /home/claude/flexlm-broker/build/tests/unit
"Protocol.HeartbeatRoundTrip" start time: Mar 27 10:13 UTC
Output:
----------------------------------------------------------
Running main() from ./googletest/src/gtest_main.cc
Note: Google Test filter = Protocol.HeartbeatRoundTrip
[==========] Running 1 test from 1 test suite.
[----------] Global test environment set-up.
[----------] 1 test from Protocol
[ RUN      ] Protocol.HeartbeatRoundTrip
[       OK ] Protocol.HeartbeatRoundTrip (0 ms)
[----------] 1 test from Protocol (0 ms total)

[----------] Global test environment tear-down
[==========] 1 test from 1 test suite ran. (0 ms total)
[  PASSED  ] 1 test.
<end of output>
Test time =   0.02 sec
----------------------------------------------------------
Test Passed.
"Protocol.HeartbeatRoundTrip" end time: Mar 27 10:13 UTC
"Protocol.HeartbeatRoundTrip" time elapsed: 00:00:00
----------------------------------------------------------

56/87 Testing: Protocol.QueryWithFeature
56/87 Test: Protocol.QueryWithFeature
Command: "/home/claude/flexlm-broker/build/tests/unit/unit_tests" "--gtest_filter=Protocol.QueryWithFeature" "--gtest_also_run_disabled_tests"
Directory: /home/claude/flexlm-broker/build/tests/unit
"Protocol.QueryWithFeature" start time: Mar 27 10:13 UTC
Output:
----------------------------------------------------------
Running main() from ./googletest/src/gtest_main.cc
Note: Google Test filter = Protocol.QueryWithFeature
[==========] Running 1 test from 1 test suite.
[----------] Global test environment set-up.
[----------] 1 test from Protocol
[ RUN      ] Protocol.QueryWithFeature
[       OK ] Protocol.QueryWithFeature (0 ms)
[----------] 1 test from Protocol (0 ms total)

[----------] Global test environment tear-down
[==========] 1 test from 1 test suite ran. (0 ms total)
[  PASSED  ] 1 test.
<end of output>
Test time =   0.06 sec
----------------------------------------------------------
Test Passed.
"Protocol.QueryWithFeature" end time: Mar 27 10:13 UTC
"Protocol.QueryWithFeature" time elapsed: 00:00:00
----------------------------------------------------------

57/87 Testing: Protocol.QueryAllFeatures
57/87 Test: Protocol.QueryAllFeatures
Command: "/home/claude/flexlm-broker/build/tests/unit/unit_tests" "--gtest_filter=Protocol.QueryAllFeatures" "--gtest_also_run_disabled_tests"
Directory: /home/claude/flexlm-broker/build/tests/unit
"Protocol.QueryAllFeatures" start time: Mar 27 10:13 UTC
Output:
----------------------------------------------------------
Running main() from ./googletest/src/gtest_main.cc
Note: Google Test filter = Protocol.QueryAllFeatures
[==========] Running 1 test from 1 test suite.
[----------] Global test environment set-up.
[----------] 1 test from Protocol
[ RUN      ] Protocol.QueryAllFeatures
[       OK ] Protocol.QueryAllFeatures (0 ms)
[----------] 1 test from Protocol (0 ms total)

[----------] Global test environment tear-down
[==========] 1 test from 1 test suite ran. (0 ms total)
[  PASSED  ] 1 test.
<end of output>
Test time =   0.02 sec
----------------------------------------------------------
Test Passed.
"Protocol.QueryAllFeatures" end time: Mar 27 10:13 UTC
"Protocol.QueryAllFeatures" time elapsed: 00:00:00
----------------------------------------------------------

58/87 Testing: Protocol.ErrorRoundTrip
58/87 Test: Protocol.ErrorRoundTrip
Command: "/home/claude/flexlm-broker/build/tests/unit/unit_tests" "--gtest_filter=Protocol.ErrorRoundTrip" "--gtest_also_run_disabled_tests"
Directory: /home/claude/flexlm-broker/build/tests/unit
"Protocol.ErrorRoundTrip" start time: Mar 27 10:13 UTC
Output:
----------------------------------------------------------
Running main() from ./googletest/src/gtest_main.cc
Note: Google Test filter = Protocol.ErrorRoundTrip
[==========] Running 1 test from 1 test suite.
[----------] Global test environment set-up.
[----------] 1 test from Protocol
[ RUN      ] Protocol.ErrorRoundTrip
[       OK ] Protocol.ErrorRoundTrip (0 ms)
[----------] 1 test from Protocol (0 ms total)

[----------] Global test environment tear-down
[==========] 1 test from 1 test suite ran. (0 ms total)
[  PASSED  ] 1 test.
<end of output>
Test time =   0.06 sec
----------------------------------------------------------
Test Passed.
"Protocol.ErrorRoundTrip" end time: Mar 27 10:13 UTC
"Protocol.ErrorRoundTrip" time elapsed: 00:00:00
----------------------------------------------------------

59/87 Testing: Protocol.OpcodeNames
59/87 Test: Protocol.OpcodeNames
Command: "/home/claude/flexlm-broker/build/tests/unit/unit_tests" "--gtest_filter=Protocol.OpcodeNames" "--gtest_also_run_disabled_tests"
Directory: /home/claude/flexlm-broker/build/tests/unit
"Protocol.OpcodeNames" start time: Mar 27 10:13 UTC
Output:
----------------------------------------------------------
Running main() from ./googletest/src/gtest_main.cc
Note: Google Test filter = Protocol.OpcodeNames
[==========] Running 1 test from 1 test suite.
[----------] Global test environment set-up.
[----------] 1 test from Protocol
[ RUN      ] Protocol.OpcodeNames
[       OK ] Protocol.OpcodeNames (0 ms)
[----------] 1 test from Protocol (0 ms total)

[----------] Global test environment tear-down
[==========] 1 test from 1 test suite ran. (0 ms total)
[  PASSED  ] 1 test.
<end of output>
Test time =   0.02 sec
----------------------------------------------------------
Test Passed.
"Protocol.OpcodeNames" end time: Mar 27 10:13 UTC
"Protocol.OpcodeNames" time elapsed: 00:00:00
----------------------------------------------------------

60/87 Testing: ThreadPool.ExecutesTasks
60/87 Test: ThreadPool.ExecutesTasks
Command: "/home/claude/flexlm-broker/build/tests/unit/unit_tests" "--gtest_filter=ThreadPool.ExecutesTasks" "--gtest_also_run_disabled_tests"
Directory: /home/claude/flexlm-broker/build/tests/unit
"ThreadPool.ExecutesTasks" start time: Mar 27 10:13 UTC
Output:
----------------------------------------------------------
Running main() from ./googletest/src/gtest_main.cc
Note: Google Test filter = ThreadPool.ExecutesTasks
[==========] Running 1 test from 1 test suite.
[----------] Global test environment set-up.
[----------] 1 test from ThreadPool
[ RUN      ] ThreadPool.ExecutesTasks
[2026-03-27 10:13:37.142] [info] [threadpool] Started 4 worker threads (max_queue=100)
[       OK ] ThreadPool.ExecutesTasks (202 ms)
[----------] 1 test from ThreadPool (202 ms total)

[----------] Global test environment tear-down
[==========] 1 test from 1 test suite ran. (202 ms total)
[  PASSED  ] 1 test.
<end of output>
Test time =   0.22 sec
----------------------------------------------------------
Test Passed.
"ThreadPool.ExecutesTasks" end time: Mar 27 10:13 UTC
"ThreadPool.ExecutesTasks" time elapsed: 00:00:00
----------------------------------------------------------

61/87 Testing: ThreadPool.ReturnsfalseAfterStop
61/87 Test: ThreadPool.ReturnsfalseAfterStop
Command: "/home/claude/flexlm-broker/build/tests/unit/unit_tests" "--gtest_filter=ThreadPool.ReturnsfalseAfterStop" "--gtest_also_run_disabled_tests"
Directory: /home/claude/flexlm-broker/build/tests/unit
"ThreadPool.ReturnsfalseAfterStop" start time: Mar 27 10:13 UTC
Output:
----------------------------------------------------------
Running main() from ./googletest/src/gtest_main.cc
Note: Google Test filter = ThreadPool.ReturnsfalseAfterStop
[==========] Running 1 test from 1 test suite.
[----------] Global test environment set-up.
[----------] 1 test from ThreadPool
[ RUN      ] ThreadPool.ReturnsfalseAfterStop
[2026-03-27 10:13:37.362] [info] [threadpool] Started 2 worker threads (max_queue=10)
[       OK ] ThreadPool.ReturnsfalseAfterStop (0 ms)
[----------] 1 test from ThreadPool (0 ms total)

[----------] Global test environment tear-down
[==========] 1 test from 1 test suite ran. (1 ms total)
[  PASSED  ] 1 test.
<end of output>
Test time =   0.02 sec
----------------------------------------------------------
Test Passed.
"ThreadPool.ReturnsfalseAfterStop" end time: Mar 27 10:13 UTC
"ThreadPool.ReturnsfalseAfterStop" time elapsed: 00:00:00
----------------------------------------------------------

62/87 Testing: ThreadPool.QueueDepthReflectsBacklog
62/87 Test: ThreadPool.QueueDepthReflectsBacklog
Command: "/home/claude/flexlm-broker/build/tests/unit/unit_tests" "--gtest_filter=ThreadPool.QueueDepthReflectsBacklog" "--gtest_also_run_disabled_tests"
Directory: /home/claude/flexlm-broker/build/tests/unit
"ThreadPool.QueueDepthReflectsBacklog" start time: Mar 27 10:13 UTC
Output:
----------------------------------------------------------
Running main() from ./googletest/src/gtest_main.cc
Note: Google Test filter = ThreadPool.QueueDepthReflectsBacklog
[==========] Running 1 test from 1 test suite.
[----------] Global test environment set-up.
[----------] 1 test from ThreadPool
[ RUN      ] ThreadPool.QueueDepthReflectsBacklog
[2026-03-27 10:13:37.383] [info] [threadpool] Started 1 worker threads (max_queue=1000)
[       OK ] ThreadPool.QueueDepthReflectsBacklog (32 ms)
[----------] 1 test from ThreadPool (32 ms total)

[----------] Global test environment tear-down
[==========] 1 test from 1 test suite ran. (32 ms total)
[  PASSED  ] 1 test.
<end of output>
Test time =   0.05 sec
----------------------------------------------------------
Test Passed.
"ThreadPool.QueueDepthReflectsBacklog" end time: Mar 27 10:13 UTC
"ThreadPool.QueueDepthReflectsBacklog" time elapsed: 00:00:00
----------------------------------------------------------

63/87 Testing: ThreadPool.SheddingDoesNotCrash
63/87 Test: ThreadPool.SheddingDoesNotCrash
Command: "/home/claude/flexlm-broker/build/tests/unit/unit_tests" "--gtest_filter=ThreadPool.SheddingDoesNotCrash" "--gtest_also_run_disabled_tests"
Directory: /home/claude/flexlm-broker/build/tests/unit
"ThreadPool.SheddingDoesNotCrash" start time: Mar 27 10:13 UTC
Output:
----------------------------------------------------------
Running main() from ./googletest/src/gtest_main.cc
Note: Google Test filter = ThreadPool.SheddingDoesNotCrash
[==========] Running 1 test from 1 test suite.
[----------] Global test environment set-up.
[----------] 1 test from ThreadPool
[ RUN      ] ThreadPool.SheddingDoesNotCrash
[2026-03-27 10:13:37.438] [info] [threadpool] Started 1 worker threads (max_queue=5)
[2026-03-27 10:13:37.438] [warning] [threadpool] Queue full (5), dropping oldest task
[2026-03-27 10:13:37.438] [warning] [threadpool] Queue full (5), dropping oldest task
[2026-03-27 10:13:37.438] [warning] [threadpool] Queue full (5), dropping oldest task
[2026-03-27 10:13:37.438] [warning] [threadpool] Queue full (5), dropping oldest task
[2026-03-27 10:13:37.438] [warning] [threadpool] Queue full (5), dropping oldest task
[2026-03-27 10:13:37.438] [warning] [threadpool] Queue full (5), dropping oldest task
[2026-03-27 10:13:37.438] [warning] [threadpool] Queue full (5), dropping oldest task
[2026-03-27 10:13:37.438] [warning] [threadpool] Queue full (5), dropping oldest task
[2026-03-27 10:13:37.438] [warning] [threadpool] Queue full (5), dropping oldest task
[2026-03-27 10:13:37.438] [warning] [threadpool] Queue full (5), dropping oldest task
[...]
"DbConnectionTest.ConnectsSuccessfully" start time: Mar 27 10:13 UTC
Output:
----------------------------------------------------------
Running main() from ./googletest/src/gtest_main.cc
Note: Google Test filter = DbConnectionTest.ConnectsSuccessfully
[==========] Running 1 test from 1 test suite.
[----------] Global test environment set-up.
[----------] 1 test from DbConnectionTest
[ RUN      ] DbConnectionTest.ConnectsSuccessfully
/home/claude/flexlm-broker/tests/integration/test_db_connection.cpp:12: Skipped
TEST_DB_CONNSTR not set — skipping integration tests

[  SKIPPED ] DbConnectionTest.ConnectsSuccessfully (0 ms)
[----------] 1 test from DbConnectionTest (0 ms total)

[----------] Global test environment tear-down
[==========] 1 test from 1 test suite ran. (0 ms total)
[  PASSED  ] 0 tests.
[  SKIPPED ] 1 test, listed below:
[  SKIPPED ] DbConnectionTest.ConnectsSuccessfully
<end of output>
Test time =   0.02 sec
----------------------------------------------------------
Test Pass Reason:
Skip regular expression found in output. Regex=[\[  SKIPPED \]]
"DbConnectionTest.ConnectsSuccessfully" end time: Mar 27 10:13 UTC
"DbConnectionTest.ConnectsSuccessfully" time elapsed: 00:00:00
----------------------------------------------------------

76/87 Testing: DbConnectionTest.ExecuteSimpleQuery
76/87 Test: DbConnectionTest.ExecuteSimpleQuery
Command: "/home/claude/flexlm-broker/build/tests/integration/integration_tests" "--gtest_filter=DbConnectionTest.ExecuteSimpleQuery" "--gtest_also_run_disabled_tests"
Directory: /home/claude/flexlm-broker/build/tests/integration
"DbConnectionTest.ExecuteSimpleQuery" start time: Mar 27 10:13 UTC
Output:
----------------------------------------------------------
Running main() from ./googletest/src/gtest_main.cc
Note: Google Test filter = DbConnectionTest.ExecuteSimpleQuery
[==========] Running 1 test from 1 test suite.
[----------] Global test environment set-up.
[----------] 1 test from DbConnectionTest
[ RUN      ] DbConnectionTest.ExecuteSimpleQuery
/home/claude/flexlm-broker/tests/integration/test_db_connection.cpp:12: Skipped
TEST_DB_CONNSTR not set — skipping integration tests

[  SKIPPED ] DbConnectionTest.ExecuteSimpleQuery (0 ms)
[----------] 1 test from DbConnectionTest (0 ms total)

[----------] Global test environment tear-down
[==========] 1 test from 1 test suite ran. (0 ms total)
[  PASSED  ] 0 tests.
[  SKIPPED ] 1 test, listed below:
[  SKIPPED ] DbConnectionTest.ExecuteSimpleQuery
<end of output>
Test time =   0.06 sec
----------------------------------------------------------
Test Pass Reason:
Skip regular expression found in output. Regex=[\[  SKIPPED \]]
"DbConnectionTest.ExecuteSimpleQuery" end time: Mar 27 10:13 UTC
"DbConnectionTest.ExecuteSimpleQuery" time elapsed: 00:00:00
----------------------------------------------------------

77/87 Testing: DbConnectionTest.SchemaTablesExist
77/87 Test: DbConnectionTest.SchemaTablesExist
Command: "/home/claude/flexlm-broker/build/tests/integration/integration_tests" "--gtest_filter=DbConnectionTest.SchemaTablesExist" "--gtest_also_run_disabled_tests"
Directory: /home/claude/flexlm-broker/build/tests/integration
"DbConnectionTest.SchemaTablesExist" start time: Mar 27 10:13 UTC
Output:
----------------------------------------------------------
Running main() from ./googletest/src/gtest_main.cc
Note: Google Test filter = DbConnectionTest.SchemaTablesExist
[==========] Running 1 test from 1 test suite.
[----------] Global test environment set-up.
[----------] 1 test from DbConnectionTest
[ RUN      ] DbConnectionTest.SchemaTablesExist
/home/claude/flexlm-broker/tests/integration/test_db_connection.cpp:12: Skipped
TEST_DB_CONNSTR not set — skipping integration tests

[  SKIPPED ] DbConnectionTest.SchemaTablesExist (0 ms)
[----------] 1 test from DbConnectionTest (0 ms total)

[----------] Global test environment tear-down
[==========] 1 test from 1 test suite ran. (0 ms total)
[  PASSED  ] 0 tests.
[  SKIPPED ] 1 test, listed below:
[  SKIPPED ] DbConnectionTest.SchemaTablesExist
<end of output>
Test time =   0.02 sec
----------------------------------------------------------
Test Pass Reason:
Skip regular expression found in output. Regex=[\[  SKIPPED \]]
"DbConnectionTest.SchemaTablesExist" end time: Mar 27 10:13 UTC
"DbConnectionTest.SchemaTablesExist" time elapsed: 00:00:00
----------------------------------------------------------

78/87 Testing: DbConnectionTest.InsertAndQueryServer
78/87 Test: DbConnectionTest.InsertAndQueryServer
Command: "/home/claude/flexlm-broker/build/tests/integration/integration_tests" "--gtest_filter=DbConnectionTest.InsertAndQueryServer" "--gtest_also_run_disabled_tests"
Directory: /home/claude/flexlm-broker/build/tests/integration
"DbConnectionTest.InsertAndQueryServer" start time: Mar 27 10:13 UTC
Output:
----------------------------------------------------------
Running main() from ./googletest/src/gtest_main.cc
Note: Google Test filter = DbConnectionTest.InsertAndQueryServer
[==========] Running 1 test from 1 test suite.
[----------] Global test environment set-up.
[----------] 1 test from DbConnectionTest
[ RUN      ] DbConnectionTest.InsertAndQueryServer
/home/claude/flexlm-broker/tests/integration/test_db_connection.cpp:12: Skipped
TEST_DB_CONNSTR not set — skipping integration tests

[  SKIPPED ] DbConnectionTest.InsertAndQueryServer (0 ms)
[----------] 1 test from DbConnectionTest (0 ms total)

[----------] Global test environment tear-down
[==========] 1 test from 1 test suite ran. (0 ms total)
[  PASSED  ] 0 tests.
[  SKIPPED ] 1 test, listed below:
[  SKIPPED ] DbConnectionTest.InsertAndQueryServer
<end of output>
Test time =   0.06 sec
----------------------------------------------------------
Test Pass Reason:
Skip regular expression found in output. Regex=[\[  SKIPPED \]]
"DbConnectionTest.InsertAndQueryServer" end time: Mar 27 10:13 UTC
"DbConnectionTest.InsertAndQueryServer" time elapsed: 00:00:00
----------------------------------------------------------

79/87 Testing: PoolApiTest.HealthEndpointReturns200
79/87 Test: PoolApiTest.HealthEndpointReturns200
Command: "/home/claude/flexlm-broker/build/tests/integration/integration_tests" "--gtest_filter=PoolApiTest.HealthEndpointReturns200" "--gtest_also_run_disabled_tests"
Directory: /home/claude/flexlm-broker/build/tests/integration
"PoolApiTest.HealthEndpointReturns200" start time: Mar 27 10:13 UTC
Output:
----------------------------------------------------------
Running main() from ./googletest/src/gtest_main.cc
Note: Google Test filter = PoolApiTest.HealthEndpointReturns200
[==========] Running 1 test from 1 test suite.
[----------] Global test environment set-up.
[----------] 1 test from PoolApiTest
[ RUN      ] PoolApiTest.HealthEndpointReturns200
/home/claude/flexlm-broker/tests/integration/test_pool_api.cpp:19: Skipped
TEST_DB_CONNSTR not set

[  SKIPPED ] PoolApiTest.HealthEndpointReturns200 (0 ms)
[----------] 1 test from PoolApiTest (0 ms total)

[----------] Global test environment tear-down
[==========] 1 test from 1 test suite ran. (0 ms total)
[  PASSED  ] 0 tests.
[  SKIPPED ] 1 test, listed below:
[  SKIPPED ] PoolApiTest.HealthEndpointReturns200
<end of output>
Test time =   0.02 sec
----------------------------------------------------------
Test Pass Reason:
Skip regular expression found in output. Regex=[\[  SKIPPED \]]
"PoolApiTest.HealthEndpointReturns200" end time: Mar 27 10:13 UTC
"PoolApiTest.HealthEndpointReturns200" time elapsed: 00:00:00
----------------------------------------------------------

80/87 Testing: PoolApiTest.FeaturesEndpointReturnsJson
80/87 Test: PoolApiTest.FeaturesEndpointReturnsJson
Command: "/home/claude/flexlm-broker/build/tests/integration/integration_tests" "--gtest_filter=PoolApiTest.FeaturesEndpointReturnsJson" "--gtest_also_run_disabled_tests"
Directory: /home/claude/flexlm-broker/build/tests/integration
"PoolApiTest.FeaturesEndpointReturnsJson" start time: Mar 27 10:13 UTC
Output:
----------------------------------------------------------
Running main() from ./googletest/src/gtest_main.cc
Note: Google Test filter = PoolApiTest.FeaturesEndpointReturnsJson
[==========] Running 1 test from 1 test suite.
[----------] Global test environment set-up.
[----------] 1 test from PoolApiTest
[ RUN      ] PoolApiTest.FeaturesEndpointReturnsJson
/home/claude/flexlm-broker/tests/integration/test_pool_api.cpp:19: Skipped
TEST_DB_CONNSTR not set

[  SKIPPED ] PoolApiTest.FeaturesEndpointReturnsJson (0 ms)
[----------] 1 test from PoolApiTest (0 ms total)

[----------] Global test environment tear-down
[==========] 1 test from 1 test suite ran. (0 ms total)
[  PASSED  ] 0 tests.
[  SKIPPED ] 1 test, listed below:
[  SKIPPED ] PoolApiTest.FeaturesEndpointReturnsJson
<end of output>
Test time =   0.02 sec
----------------------------------------------------------
Test Pass Reason:
Skip regular expression found in output. Regex=[\[  SKIPPED \]]
"PoolApiTest.FeaturesEndpointReturnsJson" end time: Mar 27 10:13 UTC
"PoolApiTest.FeaturesEndpointReturnsJson" time elapsed: 00:00:00
----------------------------------------------------------

81/87 Testing: PoolApiTest.ServersEndpointReturnsJson
81/87 Test: PoolApiTest.ServersEndpointReturnsJson
Command: "/home/claude/flexlm-broker/build/tests/integration/integration_tests" "--gtest_filter=PoolApiTest.ServersEndpointReturnsJson" "--gtest_also_run_disabled_tests"
Directory: /home/claude/flexlm-broker/build/tests/integration
"PoolApiTest.ServersEndpointReturnsJson" start time: Mar 27 10:13 UTC
Output:
----------------------------------------------------------
Running main() from ./googletest/src/gtest_main.cc
Note: Google Test filter = PoolApiTest.ServersEndpointReturnsJson
[==========] Running 1 test from 1 test suite.
[----------] Global test environment set-up.
[----------] 1 test from PoolApiTest
[ RUN      ] PoolApiTest.ServersEndpointReturnsJson
/home/claude/flexlm-broker/tests/integration/test_pool_api.cpp:19: Skipped
TEST_DB_CONNSTR not set

[  SKIPPED ] PoolApiTest.ServersEndpointReturnsJson (0 ms)
[----------] 1 test from PoolApiTest (0 ms total)

[----------] Global test environment tear-down
[==========] 1 test from 1 test suite ran. (0 ms total)
[  PASSED  ] 0 tests.
[  SKIPPED ] 1 test, listed below:
[  SKIPPED ] PoolApiTest.ServersEndpointReturnsJson
<end of output>
Test time =   0.07 sec
----------------------------------------------------------
Test Pass Reason:
Skip regular expression found in output. Regex=[\[  SKIPPED \]]
"PoolApiTest.ServersEndpointReturnsJson" end time: Mar 27 10:13 UTC
"PoolApiTest.ServersEndpointReturnsJson" time elapsed: 00:00:00
----------------------------------------------------------

82/87 Testing: TrackerTest.CheckoutAndCheckin
82/87 Test: TrackerTest.CheckoutAndCheckin
Command: "/home/claude/flexlm-broker/build/tests/integration/integration_tests" "--gtest_filter=TrackerTest.CheckoutAndCheckin" "--gtest_also_run_disabled_tests"
Directory: /home/claude/flexlm-broker/build/tests/integration
"TrackerTest.CheckoutAndCheckin" start time: Mar 27 10:13 UTC
Output:
----------------------------------------------------------
Running main() from ./googletest/src/gtest_main.cc
Note: Google Test filter = TrackerTest.CheckoutAndCheckin
[==========] Running 1 test from 1 test suite.
[----------] Global test environment set-up.
[----------] 1 test from TrackerTest
[ RUN      ] TrackerTest.CheckoutAndCheckin
/home/claude/flexlm-broker/tests/integration/test_tracker.cpp:15: Skipped
TEST_DB_CONNSTR not set

[  SKIPPED ] TrackerTest.CheckoutAndCheckin (0 ms)
[----------] 1 test from TrackerTest (0 ms total)

[----------] Global test environment tear-down
[==========] 1 test from 1 test suite ran. (0 ms total)
[  PASSED  ] 0 tests.
[  SKIPPED ] 1 test, listed below:
[  SKIPPED ] TrackerTest.CheckoutAndCheckin
<end of output>
Test time =   0.02 sec
----------------------------------------------------------
Test Pass Reason:
Skip regular expression found in output. Regex=[\[  SKIPPED \]]
"TrackerTest.CheckoutAndCheckin" end time: Mar 27 10:13 UTC
"TrackerTest.CheckoutAndCheckin" time elapsed: 00:00:00
----------------------------------------------------------

83/87 Testing: TrackerTest.DenialRecorded
83/87 Test: TrackerTest.DenialRecorded
Command: "/home/claude/flexlm-broker/build/tests/integration/integration_tests" "--gtest_filter=TrackerTest.DenialRecorded" "--gtest_also_run_disabled_tests"
Directory: /home/claude/flexlm-broker/build/tests/integration
"TrackerTest.DenialRecorded" start time: Mar 27 10:13 UTC
Output:
----------------------------------------------------------
Running main() from ./googletest/src/gtest_main.cc
Note: Google Test filter = TrackerTest.DenialRecorded
[==========] Running 1 test from 1 test suite.
[----------] Global test environment set-up.
[----------] 1 test from TrackerTest
[ RUN      ] TrackerTest.DenialRecorded
/home/claude/flexlm-broker/tests/integration/test_tracker.cpp:15: Skipped
TEST_DB_CONNSTR not set

[  SKIPPED ] TrackerTest.DenialRecorded (0 ms)
[----------] 1 test from TrackerTest (0 ms total)

[----------] Global test environment tear-down
[==========] 1 test from 1 test suite ran. (0 ms total)
[  PASSED  ] 0 tests.
[  SKIPPED ] 1 test, listed below:
[  SKIPPED ] TrackerTest.DenialRecorded
<end of output>
Test time =   0.07 sec
----------------------------------------------------------
Test Pass Reason:
Skip regular expression found in output. Regex=[\[  SKIPPED \]]
"TrackerTest.DenialRecorded" end time: Mar 27 10:13 UTC
"TrackerTest.DenialRecorded" time elapsed: 00:00:00
----------------------------------------------------------

84/87 Testing: TrackerTest.FeaturePollPersisted
84/87 Test: TrackerTest.FeaturePollPersisted
Command: "/home/claude/flexlm-broker/build/tests/integration/integration_tests" "--gtest_filter=TrackerTest.FeaturePollPersisted" "--gtest_also_run_disabled_tests"
Directory: /home/claude/flexlm-broker/build/tests/integration
"TrackerTest.FeaturePollPersisted" start time: Mar 27 10:13 UTC
Output:
----------------------------------------------------------
Running main() from ./googletest/src/gtest_main.cc
Note: Google Test filter = TrackerTest.FeaturePollPersisted
[==========] Running 1 test from 1 test suite.
[----------] Global test environment set-up.
[----------] 1 test from TrackerTest
[ RUN      ] TrackerTest.FeaturePollPersisted
/home/claude/flexlm-broker/tests/integration/test_tracker.cpp:15: Skipped
TEST_DB_CONNSTR not set

[  SKIPPED ] TrackerTest.FeaturePollPersisted (0 ms)
[----------] 1 test from TrackerTest (0 ms total)

[----------] Global test environment tear-down
[==========] 1 test from 1 test suite ran. (0 ms total)
[  PASSED  ] 0 tests.
[  SKIPPED ] 1 test, listed below:
[  SKIPPED ] TrackerTest.FeaturePollPersisted
<end of output>
Test time =   0.02 sec
----------------------------------------------------------
Test Pass Reason:
Skip regular expression found in output. Regex=[\[  SKIPPED \]]
"TrackerTest.FeaturePollPersisted" end time: Mar 27 10:13 UTC
"TrackerTest.FeaturePollPersisted" time elapsed: 00:00:00
----------------------------------------------------------

85/87 Testing: TrackerTest.ServerHealthEventsRecorded
85/87 Test: TrackerTest.ServerHealthEventsRecorded
Command: "/home/claude/flexlm-broker/build/tests/integration/integration_tests" "--gtest_filter=TrackerTest.ServerHealthEventsRecorded" "--gtest_also_run_disabled_tests"
Directory: /home/claude/flexlm-broker/build/tests/integration
"TrackerTest.ServerHealthEventsRecorded" start time: Mar 27 10:13 UTC
Output:
----------------------------------------------------------
Running main() from ./googletest/src/gtest_main.cc
Note: Google Test filter = TrackerTest.ServerHealthEventsRecorded
[==========] Running 1 test from 1 test suite.
[----------] Global test environment set-up.
[----------] 1 test from TrackerTest
[ RUN      ] TrackerTest.ServerHealthEventsRecorded
/home/claude/flexlm-broker/tests/integration/test_tracker.cpp:15: Skipped
TEST_DB_CONNSTR not set

[  SKIPPED ] TrackerTest.ServerHealthEventsRecorded (0 ms)
[----------] 1 test from TrackerTest (0 ms total)

[----------] Global test environment tear-down
[==========] 1 test from 1 test suite ran. (0 ms total)
[  PASSED  ] 0 tests.
[  SKIPPED ] 1 test, listed below:
[  SKIPPED ] TrackerTest.ServerHealthEventsRecorded
<end of output>
Test time =   0.02 sec
----------------------------------------------------------
Test Pass Reason:
Skip regular expression found in output. Regex=[\[  SKIPPED \]]
"TrackerTest.ServerHealthEventsRecorded" end time: Mar 27 10:13 UTC
"TrackerTest.ServerHealthEventsRecorded" time elapsed: 00:00:00
----------------------------------------------------------

86/87 Testing: TrackerTest.QueryUtilisationDoesNotCrash
86/87 Test: TrackerTest.QueryUtilisationDoesNotCrash
Command: "/home/claude/flexlm-broker/build/tests/integration/integration_tests" "--gtest_filter=TrackerTest.QueryUtilisationDoesNotCrash" "--gtest_also_run_disabled_tests"
Directory: /home/claude/flexlm-broker/build/tests/integration
"TrackerTest.QueryUtilisationDoesNotCrash" start time: Mar 27 10:13 UTC
Output:
----------------------------------------------------------
Running main() from ./googletest/src/gtest_main.cc
Note: Google Test filter = TrackerTest.QueryUtilisationDoesNotCrash
[==========] Running 1 test from 1 test suite.
[----------] Global test environment set-up.
[----------] 1 test from TrackerTest
[ RUN      ] TrackerTest.QueryUtilisationDoesNotCrash
/home/claude/flexlm-broker/tests/integration/test_tracker.cpp:15: Skipped
TEST_DB_CONNSTR not set

[  SKIPPED ] TrackerTest.QueryUtilisationDoesNotCrash (0 ms)
[----------] 1 test from TrackerTest (0 ms total)

[----------] Global test environment tear-down
[==========] 1 test from 1 test suite ran. (0 ms total)
[  PASSED  ] 0 tests.
[  SKIPPED ] 1 test, listed below:
[  SKIPPED ] TrackerTest.QueryUtilisationDoesNotCrash
<end of output>
Test time =   0.02 sec
----------------------------------------------------------
Test Pass Reason:
Skip regular expression found in output. Regex=[\[  SKIPPED \]]
"TrackerTest.QueryUtilisationDoesNotCrash" end time: Mar 27 10:13 UTC
"TrackerTest.QueryUtilisationDoesNotCrash" time elapsed: 00:00:00
----------------------------------------------------------

87/87 Testing: TrackerTest.QueryActiveCheckoutsReturnsVector
87/87 Test: TrackerTest.QueryActiveCheckoutsReturnsVector
Command: "/home/claude/flexlm-broker/build/tests/integration/integration_tests" "--gtest_filter=TrackerTest.QueryActiveCheckoutsReturnsVector" "--gtest_also_run_disabled_tests"
Directory: /home/claude/flexlm-broker/build/tests/integration
"TrackerTest.QueryActiveCheckoutsReturnsVector" start time: Mar 27 10:13 UTC
Output:
----------------------------------------------------------
Running main() from ./googletest/src/gtest_main.cc
Note: Google Test filter = TrackerTest.QueryActiveCheckoutsReturnsVector
[==========] Running 1 test from 1 test suite.
[----------] Global test environment set-up.
[----------] 1 test from TrackerTest
[ RUN      ] TrackerTest.QueryActiveCheckoutsReturnsVector
/home/claude/flexlm-broker/tests/integration/test_tracker.cpp:15: Skipped
TEST_DB_CONNSTR not set

[  SKIPPED ] TrackerTest.QueryActiveCheckoutsReturnsVector (0 ms)
[----------] 1 test from TrackerTest (0 ms total)

[----------] Global test environment tear-down
[==========] 1 test from 1 test suite ran. (0 ms total)
[  PASSED  ] 0 tests.
[  SKIPPED ] 1 test, listed below:
[  SKIPPED ] TrackerTest.QueryActiveCheckoutsReturnsVector
<end of output>
Test time =   0.02 sec
----------------------------------------------------------
Test Pass Reason:
Skip regular expression found in output. Regex=[\[  SKIPPED \]]
"TrackerTest.QueryActiveCheckoutsReturnsVector" end time: Mar 27 10:13 UTC
"TrackerTest.QueryActiveCheckoutsReturnsVector" time elapsed: 00:00:00
----------------------------------------------------------

End testing: Mar 27 10:13 UTC

integration =   0.46 sec*proc

